#
# There is insufficient memory for the Java Runtime Environment to continue.
# Native memory allocation (malloc) failed to allocate 1566592 bytes for Chunk::new
# Possible reasons:
#   The system is out of physical RAM or swap space
#   The process is running with CompressedOops enabled, and the Java Heap may be blocking the growth of the native heap
# Possible solutions:
#   Reduce memory load on the system
#   Increase physical memory or swap space
#   Check if swap backing store is full
#   Decrease Java heap size (-Xmx/-Xms)
#   Decrease number of Java threads
#   Decrease Java thread stack sizes (-Xss)
#   Set larger code cache with -XX:ReservedCodeCacheSize=
#   JVM is running with Unscaled Compressed Oops mode in which the Java heap is
#     placed in the first 4GB address space. The Java Heap base address is the
#     maximum limit for the native heap growth. Please use -XX:HeapBaseMinAddress
#     to set the Java Heap base and to place the Java Heap above 4GB virtual address.
# This output file may be truncated or incomplete.
#
#  Out of Memory Error (arena.cpp:189), pid=29808, tid=16420
#
# JRE version: OpenJDK Runtime Environment (17.0.6) (build 17.0.6+0-b2043.56-9586694)
# Java VM: OpenJDK 64-Bit Server VM (17.0.6+0-b2043.56-9586694, mixed mode, tiered, compressed oops, compressed class ptrs, g1 gc, windows-amd64)
# No core dump will be written. Minidumps are not enabled by default on client versions of Windows
#

---------------  S U M M A R Y ------------

Command Line: --add-opens=java.base/java.util=ALL-UNNAMED --add-opens=java.base/java.lang=ALL-UNNAMED --add-opens=java.base/java.lang.invoke=ALL-UNNAMED --add-opens=java.prefs/java.util.prefs=ALL-UNNAMED --add-opens=java.base/java.nio.charset=ALL-UNNAMED --add-opens=java.base/java.net=ALL-UNNAMED --add-opens=java.base/java.util.concurrent.atomic=ALL-UNNAMED -Xmx2048m -Dfile.encoding=UTF-8 -Duser.country=IN -Duser.language=en -Duser.variant org.gradle.launcher.daemon.bootstrap.GradleDaemon 8.0

Host: AMD Ryzen 7 7735HS with Radeon Graphics        , 16 cores, 15G,  Windows 11 , 64 bit Build 22621 (10.0.22621.3085)
Time: Thu Mar 21 20:52:32 2024 India Standard Time elapsed time: 250.079812 seconds (0d 0h 4m 10s)

---------------  T H R E A D  ---------------

Current thread (0x0000029501f24e40):  JavaThread "C2 CompilerThread1" daemon [_thread_in_native, id=16420, stack(0x000000e381e00000,0x000000e381f00000)]


Current CompileTask:
C2: 250079 20412       4       com.android.build.gradle.internal.cxx.settings.ParseMacroStringKt::tokenizeMacroString (401 bytes)

Stack: [0x000000e381e00000,0x000000e381f00000]
Native frames: (J=compiled Java code, j=interpreted, Vv=VM code, C=native code)
V  [jvm.dll+0x683b4a]
V  [jvm.dll+0x842654]
V  [jvm.dll+0x843dfe]
V  [jvm.dll+0x844463]
V  [jvm.dll+0x249b75]
V  [jvm.dll+0xabcac]
V  [jvm.dll+0xac27c]
V  [jvm.dll+0x368857]
V  [jvm.dll+0x332f31]
V  [jvm.dll+0x3323da]
V  [jvm.dll+0x21c201]
V  [jvm.dll+0x21b621]
V  [jvm.dll+0x1a4fdd]
V  [jvm.dll+0x22b098]
V  [jvm.dll+0x229159]
V  [jvm.dll+0x7f809c]
V  [jvm.dll+0x7f25fa]
V  [jvm.dll+0x682985]
C  [ucrtbase.dll+0x29363]
C  [KERNEL32.DLL+0x1257d]
C  [ntdll.dll+0x5aa58]


---------------  P R O C E S S  ---------------

Threads class SMR info:
_java_thread_list=0x0000029501b1b9e0, length=244, elements={
0x000002955f1f29c0, 0x000002957a46e420, 0x0000029579bb07c0, 0x000002957a446510,
0x000002957a473310, 0x000002957a475030, 0x000002957a4779f0, 0x000002957a4796e0,
0x000002957a47c940, 0x000002957a497d60, 0x000002957a629350, 0x000002957a64c300,
0x000002957dca6aa0, 0x000002957e11c040, 0x000002957c7b0d60, 0x000002957a773430,
0x000002957a771280, 0x000002957a7742a0, 0x000002957a7725c0, 0x000002957a7708e0,
0x000002957a771750, 0x000002957bfa4880, 0x000002957bfa3a10, 0x000002957bfa43b0,
0x000002957bfa73d0, 0x000002957bfa7d70, 0x000002957bfa6a30, 0x000002957ac5f3d0,
0x000002957ac60710, 0x000002957ac610b0, 0x000002957ac5f8a0, 0x000002957ac5e090,
0x000002957ac5ba10, 0x000002957ac5ea30, 0x000002957ac5c880, 0x000002957ac5fd70,
0x000002957ac60be0, 0x000002957ac61a50, 0x000002957a7720f0, 0x000002957e7e3640,
0x0000029501a2a3c0, 0x0000029501530d90, 0x00000295076bb540, 0x0000029503a87200,
0x00000295004ce590, 0x0000029503a88a10, 0x0000029506b2d090, 0x000002957e7e5180,
0x0000029506b2d560, 0x0000029501a2c570, 0x000002957e7e5ff0, 0x0000029506b2da30,
0x0000029501a29080, 0x00000295004cea60, 0x00000295004ce0c0, 0x00000295004cef30,
0x00000295076bbee0, 0x00000295076bc3b0, 0x00000295076bc880, 0x00000295076bba10,
0x00000295076b7530, 0x00000295076b7060, 0x00000295076b9bb0, 0x0000029501f24e40,
0x00000295076b96e0, 0x00000295076b7a00, 0x0000029501f26ca0, 0x0000029501f25350,
0x0000029501f24420, 0x0000029501f21690, 0x00000295076ba080, 0x00000295076b9210,
0x00000295076b7ed0, 0x00000295076b83a0, 0x00000295076ba550, 0x00000295076baa20,
0x00000295076b8870, 0x00000295072242f0, 0x0000029507223480, 0x0000029507223950,
0x0000029505c1d5d0, 0x0000029503a876d0, 0x0000029503a87ba0, 0x0000029503a88070,
0x0000029503a88540, 0x000002950e360550, 0x000002950e3630a0, 0x000002950e360a20,
0x000002950e363570, 0x000002950e363a40, 0x000002950e360ef0, 0x000002950e3613c0,
0x000002950e362bd0, 0x000002950e362700, 0x000002950e360080, 0x000002950e362230,
0x000002950e361890, 0x000002950e361d60, 0x00000295004cd3f0, 0x00000295004cbbe0,
0x00000295004cc0b0, 0x00000295004cc580, 0x00000295004cca50, 0x0000029503b112b0,
0x000002957e7e64c0, 0x00000295036656e0, 0x0000029503666080, 0x0000029503665bb0,
0x0000029501a2c0a0, 0x0000029505c1a0e0, 0x0000029505c1cc30, 0x000002950fcb79b0,
0x000002950fcb7e80, 0x000002950fcb8350, 0x0000029503b17fd0, 0x0000029503b15e20,
0x0000029503b18970, 0x0000029503b15950, 0x0000029503b184a0, 0x0000029503b162f0,
0x0000029503b167c0, 0x0000029503b17630, 0x0000029503b14fb0, 0x0000029506b2e3d0,
0x0000029505c1c290, 0x0000029505c1d100, 0x0000029505c1a5b0, 0x0000029505c1aa80,
0x0000029503b13460, 0x0000029503b10910, 0x0000029505c1af50, 0x0000029509310d50,
0x0000029509310880, 0x0000029509312a30, 0x000002957ae0fe70, 0x000002957ae111b0,
0x0000029503b17b00, 0x0000029503b15480, 0x0000029503b16c90, 0x0000029503b17160,
0x000002950034a410, 0x0000029500346f20, 0x00000295003478c0, 0x0000029500347d90,
0x0000029500348260, 0x00000295003473f0, 0x0000029500348730, 0x0000029500349f40,
0x0000029500348c00, 0x00000295003495a0, 0x00000295003490d0, 0x0000029500349a70,
0x000002950adcb2c0, 0x000002950adc9ab0, 0x000002950adc8c40, 0x000002950adc9f80,
0x000002950adc95e0, 0x000002950adc7dd0, 0x000002950adca450, 0x000002950adc8770,
0x000002950adca920, 0x000002950adc9110, 0x000002950adcb790, 0x000002950adcadf0,
0x000002950adc82a0, 0x00000295072b3440, 0x00000295072b3de0, 0x00000295072b3910,
0x0000029503bbfac0, 0x0000029503bbec50, 0x0000029503bbe780, 0x00000295004cdbf0,
0x000002950b1aa210, 0x000002950b1a9d40, 0x000002950b1aa6e0, 0x000002950b1aabb0,
0x000002950b1ab080, 0x000002950b1ab550, 0x00000295099115e0, 0x0000029509914130,
0x0000029509911f80, 0x0000029509911ab0, 0x000002957ae10340, 0x000002957ae10ce0,
0x000002957ae10810, 0x0000029505c1b420, 0x0000029505c1b8f0, 0x0000029505c1bdc0,
0x000002957eae9a30, 0x000002957eaea8a0, 0x000002957eaec0b0, 0x0000029501a29550,
0x0000029501a29a20, 0x0000029501a2bbd0, 0x0000029501a29ef0, 0x0000029501a2a890,
0x0000029501a2ad60, 0x0000029501a2b230, 0x0000029501a2b700, 0x0000029501a2ca40,
0x000002957e7e3b10, 0x000002957e7e3fe0, 0x000002957e7e4980, 0x000002957e7e3170,
0x000002957e7e44b0, 0x000002957a68d090, 0x000002957a68e3d0, 0x000002957a68f240,
0x000002957a68fbe0, 0x000002957a6900b0, 0x000002957a68c6f0, 0x000002957a68cbc0,
0x000002957a68d560, 0x000002957a68da30, 0x000002957a68df00, 0x000002957a68e8a0,
0x000002957a68ed70, 0x0000029501f20c70, 0x0000029501f25d70, 0x0000029501f26790,
0x00000295076b8d40, 0x00000295015303f0, 0x0000029501dbc870, 0x0000029501dbb530,
0x0000029501dba6c0, 0x0000029501dba1f0, 0x0000029501dbba00, 0x000002950ba6c890,
0x000002950ba6bef0, 0x000002950ba6c3c0, 0x000002950ba6b080, 0x000002950ba6b550,
0x000002950ba6ba20, 0x000002957e8529d0, 0x000002957e8546b0, 0x000002957e851690,
0x000002957e853370, 0x00000295035b68a0, 0x0000029503bbd440, 0x0000029503bbcf70,
0x0000029503bbc5d0, 0x0000029503bbd910, 0x0000029503bbdde0, 0x0000029503bbcaa0
}

Java Threads: ( => current thread )
  0x000002955f1f29c0 JavaThread "main" [_thread_blocked, id=16820, stack(0x000000e3ff700000,0x000000e3ff800000)]
  0x000002957a46e420 JavaThread "Reference Handler" daemon [_thread_blocked, id=13036, stack(0x000000e3ffe00000,0x000000e3fff00000)]
  0x0000029579bb07c0 JavaThread "Finalizer" daemon [_thread_blocked, id=38220, stack(0x000000e3fff00000,0x000000e400000000)]
  0x000002957a446510 JavaThread "Signal Dispatcher" daemon [_thread_blocked, id=3608, stack(0x000000e380000000,0x000000e380100000)]
  0x000002957a473310 JavaThread "Attach Listener" daemon [_thread_blocked, id=38476, stack(0x000000e380100000,0x000000e380200000)]
  0x000002957a475030 JavaThread "Service Thread" daemon [_thread_blocked, id=860, stack(0x000000e380200000,0x000000e380300000)]
  0x000002957a4779f0 JavaThread "Monitor Deflation Thread" daemon [_thread_blocked, id=39580, stack(0x000000e380300000,0x000000e380400000)]
  0x000002957a4796e0 JavaThread "C2 CompilerThread0" daemon [_thread_in_native, id=23736, stack(0x000000e380400000,0x000000e380500000)]
  0x000002957a47c940 JavaThread "C1 CompilerThread0" daemon [_thread_blocked, id=34744, stack(0x000000e380500000,0x000000e380600000)]
  0x000002957a497d60 JavaThread "Sweeper thread" daemon [_thread_blocked, id=23420, stack(0x000000e380600000,0x000000e380700000)]
  0x000002957a629350 JavaThread "Common-Cleaner" daemon [_thread_blocked, id=32120, stack(0x000000e380800000,0x000000e380900000)]
  0x000002957a64c300 JavaThread "Notification Thread" daemon [_thread_blocked, id=15708, stack(0x000000e380900000,0x000000e380a00000)]
  0x00007ffd3fb3f5f0 
[error occurred during error reporting (printing all threads), id 0xc0000005, EXCEPTION_ACCESS_VIOLATION (0xc0000005) at pc=0x00007ffce5c1758b]

VM state: not at safepoint (normal execution)

VM Mutex/Monitor currently owned by a thread:  ([mutex/lock_event])
[0x000002955f1f1f30] Threads_lock - owner thread: 0x000002950ba6b550

Heap address: 0x0000000080000000, size: 2048 MB, Compressed Oops mode: 32-bit

CDS archive(s) not mapped
Compressed class space mapped at: 0x0000000100000000-0x0000000140000000, reserved size: 1073741824
Narrow klass base: 0x0000000000000000, Narrow klass shift: 3, Narrow klass range: 0x140000000

GC Precious Log:
 CPUs: 16 total, 16 available
 Memory: 15610M
 Large Page Support: Disabled
 NUMA Support: Disabled
 Compressed Oops: Enabled (32-bit)
 Heap Region Size: 1M
 Heap Min Capacity: 8M
 Heap Initial Capacity: 244M
 Heap Max Capacity: 2G
 Pre-touch: Disabled
 Parallel Workers: 13
 Concurrent Workers: 3
 Concurrent Refinement Workers: 13
 Periodic GC: Disabled

Heap:
 garbage-first heap   total 336896K, used 272626K [0x0000000080000000, 0x0000000100000000)
  region size 1024K, 80 young (81920K), 3 survivors (3072K)
 Metaspace       used 135376K, committed 136256K, reserved 1171456K
  class space    used 18622K, committed 19072K, reserved 1048576K

Heap Regions: E=young(eden), S=young(survivor), O=old, HS=humongous(starts), HC=humongous(continues), CS=collection set, F=free, OA=open archive, CA=closed archive, TAMS=top-at-mark-start (previous, next)
|   0|0x0000000080000000, 0x0000000080100000, 0x0000000080100000|100%|HS|  |TAMS 0x0000000080100000, 0x0000000080000000| Complete 
|   1|0x0000000080100000, 0x0000000080200000, 0x0000000080200000|100%|HC|  |TAMS 0x0000000080200000, 0x0000000080100000| Complete 
|   2|0x0000000080200000, 0x0000000080300000, 0x0000000080300000|100%|HC|  |TAMS 0x0000000080300000, 0x0000000080200000| Complete 
|   3|0x0000000080300000, 0x0000000080400000, 0x0000000080400000|100%|HC|  |TAMS 0x0000000080400000, 0x0000000080300000| Complete 
|   4|0x0000000080400000, 0x0000000080500000, 0x0000000080500000|100%| O|  |TAMS 0x0000000080500000, 0x0000000080400000| Untracked 
|   5|0x0000000080500000, 0x0000000080600000, 0x0000000080600000|100%| O|  |TAMS 0x0000000080600000, 0x0000000080500000| Untracked 
|   6|0x0000000080600000, 0x0000000080700000, 0x0000000080700000|100%| O|  |TAMS 0x0000000080700000, 0x0000000080600000| Untracked 
|   7|0x0000000080700000, 0x0000000080800000, 0x0000000080800000|100%| O|  |TAMS 0x0000000080800000, 0x0000000080700000| Untracked 
|   8|0x0000000080800000, 0x0000000080900000, 0x0000000080900000|100%| O|  |TAMS 0x0000000080900000, 0x0000000080800000| Untracked 
|   9|0x0000000080900000, 0x0000000080a00000, 0x0000000080a00000|100%| O|  |TAMS 0x0000000080a00000, 0x0000000080900000| Untracked 
|  10|0x0000000080a00000, 0x0000000080af3400, 0x0000000080b00000| 95%| O|  |TAMS 0x0000000080af3400, 0x0000000080a00000| Untracked 
|  11|0x0000000080b00000, 0x0000000080c00000, 0x0000000080c00000|100%| O|  |TAMS 0x0000000080c00000, 0x0000000080b00000| Untracked 
|  12|0x0000000080c00000, 0x0000000080d00000, 0x0000000080d00000|100%| O|  |TAMS 0x0000000080d00000, 0x0000000080c00000| Untracked 
|  13|0x0000000080d00000, 0x0000000080e00000, 0x0000000080e00000|100%| O|  |TAMS 0x0000000080e00000, 0x0000000080d00000| Untracked 
|  14|0x0000000080e00000, 0x0000000080f00000, 0x0000000080f00000|100%| O|  |TAMS 0x0000000080f00000, 0x0000000080e00000| Untracked 
|  15|0x0000000080f00000, 0x0000000081000000, 0x0000000081000000|100%| O|  |TAMS 0x0000000081000000, 0x0000000080f00000| Untracked 
|  16|0x0000000081000000, 0x0000000081100000, 0x0000000081100000|100%| O|  |TAMS 0x0000000081100000, 0x0000000081000000| Untracked 
|  17|0x0000000081100000, 0x0000000081200000, 0x0000000081200000|100%| O|  |TAMS 0x0000000081200000, 0x0000000081100000| Untracked 
|  18|0x0000000081200000, 0x0000000081300000, 0x0000000081300000|100%| O|  |TAMS 0x0000000081300000, 0x0000000081200000| Untracked 
|  19|0x0000000081300000, 0x0000000081400000, 0x0000000081400000|100%| O|  |TAMS 0x0000000081400000, 0x0000000081300000| Untracked 
|  20|0x0000000081400000, 0x0000000081500000, 0x0000000081500000|100%| O|  |TAMS 0x0000000081500000, 0x0000000081400000| Untracked 
|  21|0x0000000081500000, 0x0000000081600000, 0x0000000081600000|100%| O|  |TAMS 0x0000000081600000, 0x0000000081500000| Untracked 
|  22|0x0000000081600000, 0x0000000081700000, 0x0000000081700000|100%| O|  |TAMS 0x0000000081700000, 0x0000000081600000| Untracked 
|  23|0x0000000081700000, 0x0000000081800000, 0x0000000081800000|100%| O|  |TAMS 0x0000000081800000, 0x0000000081700000| Untracked 
|  24|0x0000000081800000, 0x0000000081900000, 0x0000000081900000|100%| O|  |TAMS 0x0000000081900000, 0x0000000081800000| Untracked 
|  25|0x0000000081900000, 0x0000000081a00000, 0x0000000081a00000|100%| O|  |TAMS 0x0000000081a00000, 0x0000000081900000| Untracked 
|  26|0x0000000081a00000, 0x0000000081b00000, 0x0000000081b00000|100%| O|  |TAMS 0x0000000081b00000, 0x0000000081a00000| Untracked 
|  27|0x0000000081b00000, 0x0000000081c00000, 0x0000000081c00000|100%| O|  |TAMS 0x0000000081c00000, 0x0000000081b00000| Untracked 
|  28|0x0000000081c00000, 0x0000000081d00000, 0x0000000081d00000|100%| O|  |TAMS 0x0000000081d00000, 0x0000000081c00000| Untracked 
|  29|0x0000000081d00000, 0x0000000081e00000, 0x0000000081e00000|100%| O|  |TAMS 0x0000000081e00000, 0x0000000081d00000| Untracked 
|  30|0x0000000081e00000, 0x0000000081f00000, 0x0000000081f00000|100%| O|  |TAMS 0x0000000081f00000, 0x0000000081e00000| Untracked 
|  31|0x0000000081f00000, 0x0000000082000000, 0x0000000082000000|100%| O|  |TAMS 0x0000000082000000, 0x0000000081f00000| Untracked 
|  32|0x0000000082000000, 0x0000000082100000, 0x0000000082100000|100%| O|  |TAMS 0x0000000082100000, 0x0000000082000000| Untracked 
|  33|0x0000000082100000, 0x0000000082200000, 0x0000000082200000|100%| O|  |TAMS 0x0000000082200000, 0x0000000082100000| Untracked 
|  34|0x0000000082200000, 0x0000000082300000, 0x0000000082300000|100%| O|  |TAMS 0x0000000082300000, 0x0000000082200000| Untracked 
|  35|0x0000000082300000, 0x0000000082400000, 0x0000000082400000|100%| O|  |TAMS 0x0000000082400000, 0x0000000082300000| Untracked 
|  36|0x0000000082400000, 0x0000000082500000, 0x0000000082500000|100%|HS|  |TAMS 0x0000000082500000, 0x0000000082400000| Complete 
|  37|0x0000000082500000, 0x0000000082600000, 0x0000000082600000|100%|HS|  |TAMS 0x0000000082600000, 0x0000000082500000| Complete 
|  38|0x0000000082600000, 0x0000000082700000, 0x0000000082700000|100%|HC|  |TAMS 0x0000000082700000, 0x0000000082600000| Complete 
|  39|0x0000000082700000, 0x0000000082800000, 0x0000000082800000|100%|HS|  |TAMS 0x0000000082800000, 0x0000000082700000| Complete 
|  40|0x0000000082800000, 0x0000000082900000, 0x0000000082900000|100%|HS|  |TAMS 0x0000000082900000, 0x0000000082800000| Complete 
|  41|0x0000000082900000, 0x0000000082a00000, 0x0000000082a00000|100%|HC|  |TAMS 0x0000000082a00000, 0x0000000082900000| Complete 
|  42|0x0000000082a00000, 0x0000000082b00000, 0x0000000082b00000|100%|HC|  |TAMS 0x0000000082b00000, 0x0000000082a00000| Complete 
|  43|0x0000000082b00000, 0x0000000082c00000, 0x0000000082c00000|100%|HC|  |TAMS 0x0000000082c00000, 0x0000000082b00000| Complete 
|  44|0x0000000082c00000, 0x0000000082d00000, 0x0000000082d00000|100%| O|  |TAMS 0x0000000082d00000, 0x0000000082c00000| Untracked 
|  45|0x0000000082d00000, 0x0000000082e00000, 0x0000000082e00000|100%| O|  |TAMS 0x0000000082e00000, 0x0000000082d00000| Untracked 
|  46|0x0000000082e00000, 0x0000000082f00000, 0x0000000082f00000|100%| O|  |TAMS 0x0000000082f00000, 0x0000000082e00000| Untracked 
|  47|0x0000000082f00000, 0x0000000083000000, 0x0000000083000000|100%| O|  |TAMS 0x0000000083000000, 0x0000000082f00000| Untracked 
|  48|0x0000000083000000, 0x0000000083100000, 0x0000000083100000|100%| O|  |TAMS 0x0000000083100000, 0x0000000083000000| Untracked 
|  49|0x0000000083100000, 0x0000000083200000, 0x0000000083200000|100%| O|  |TAMS 0x0000000083200000, 0x0000000083100000| Untracked 
|  50|0x0000000083200000, 0x0000000083300000, 0x0000000083300000|100%| O|  |TAMS 0x0000000083300000, 0x0000000083200000| Untracked 
|  51|0x0000000083300000, 0x0000000083400000, 0x0000000083400000|100%| O|  |TAMS 0x0000000083400000, 0x0000000083300000| Untracked 
|  52|0x0000000083400000, 0x0000000083500000, 0x0000000083500000|100%| O|  |TAMS 0x0000000083500000, 0x0000000083400000| Untracked 
|  53|0x0000000083500000, 0x0000000083600000, 0x0000000083600000|100%| O|  |TAMS 0x0000000083600000, 0x0000000083500000| Untracked 
|  54|0x0000000083600000, 0x0000000083700000, 0x0000000083700000|100%| O|  |TAMS 0x0000000083700000, 0x0000000083600000| Untracked 
|  55|0x0000000083700000, 0x0000000083800000, 0x0000000083800000|100%| O|  |TAMS 0x0000000083800000, 0x0000000083700000| Untracked 
|  56|0x0000000083800000, 0x0000000083900000, 0x0000000083900000|100%| O|  |TAMS 0x0000000083900000, 0x0000000083800000| Untracked 
|  57|0x0000000083900000, 0x0000000083a00000, 0x0000000083a00000|100%| O|  |TAMS 0x0000000083a00000, 0x0000000083900000| Untracked 
|  58|0x0000000083a00000, 0x0000000083b00000, 0x0000000083b00000|100%| O|  |TAMS 0x0000000083b00000, 0x0000000083a00000| Untracked 
|  59|0x0000000083b00000, 0x0000000083c00000, 0x0000000083c00000|100%| O|  |TAMS 0x0000000083c00000, 0x0000000083b00000| Untracked 
|  60|0x0000000083c00000, 0x0000000083d00000, 0x0000000083d00000|100%| O|  |TAMS 0x0000000083d00000, 0x0000000083c00000| Untracked 
|  61|0x0000000083d00000, 0x0000000083e00000, 0x0000000083e00000|100%| O|  |TAMS 0x0000000083e00000, 0x0000000083d00000| Untracked 
|  62|0x0000000083e00000, 0x0000000083f00000, 0x0000000083f00000|100%| O|  |TAMS 0x0000000083f00000, 0x0000000083e00000| Untracked 
|  63|0x0000000083f00000, 0x0000000084000000, 0x0000000084000000|100%| O|  |TAMS 0x0000000084000000, 0x0000000083f00000| Untracked 
|  64|0x0000000084000000, 0x0000000084100000, 0x0000000084100000|100%| O|  |TAMS 0x0000000084100000, 0x0000000084000000| Untracked 
|  65|0x0000000084100000, 0x0000000084200000, 0x0000000084200000|100%| O|  |TAMS 0x0000000084200000, 0x0000000084100000| Untracked 
|  66|0x0000000084200000, 0x0000000084300000, 0x0000000084300000|100%| O|  |TAMS 0x0000000084300000, 0x0000000084200000| Untracked 
|  67|0x0000000084300000, 0x0000000084400000, 0x0000000084400000|100%| O|  |TAMS 0x0000000084400000, 0x0000000084300000| Untracked 
|  68|0x0000000084400000, 0x0000000084500000, 0x0000000084500000|100%| O|  |TAMS 0x0000000084500000, 0x0000000084400000| Untracked 
|  69|0x0000000084500000, 0x0000000084600000, 0x0000000084600000|100%| O|  |TAMS 0x0000000084600000, 0x0000000084500000| Untracked 
|  70|0x0000000084600000, 0x0000000084700000, 0x0000000084700000|100%| O|  |TAMS 0x0000000084700000, 0x0000000084600000| Untracked 
|  71|0x0000000084700000, 0x0000000084800000, 0x0000000084800000|100%| O|  |TAMS 0x0000000084800000, 0x0000000084700000| Untracked 
|  72|0x0000000084800000, 0x0000000084900000, 0x0000000084900000|100%| O|  |TAMS 0x0000000084900000, 0x0000000084800000| Untracked 
|  73|0x0000000084900000, 0x0000000084a00000, 0x0000000084a00000|100%| O|  |TAMS 0x0000000084a00000, 0x0000000084900000| Untracked 
|  74|0x0000000084a00000, 0x0000000084b00000, 0x0000000084b00000|100%| O|  |TAMS 0x0000000084b00000, 0x0000000084a00000| Untracked 
|  75|0x0000000084b00000, 0x0000000084c00000, 0x0000000084c00000|100%| O|  |TAMS 0x0000000084c00000, 0x0000000084b00000| Untracked 
|  76|0x0000000084c00000, 0x0000000084d00000, 0x0000000084d00000|100%| O|  |TAMS 0x0000000084d00000, 0x0000000084c00000| Untracked 
|  77|0x0000000084d00000, 0x0000000084e00000, 0x0000000084e00000|100%| O|  |TAMS 0x0000000084e00000, 0x0000000084d00000| Untracked 
|  78|0x0000000084e00000, 0x0000000084f00000, 0x0000000084f00000|100%| O|  |TAMS 0x0000000084f00000, 0x0000000084e00000| Untracked 
|  79|0x0000000084f00000, 0x0000000085000000, 0x0000000085000000|100%| O|  |TAMS 0x0000000085000000, 0x0000000084f00000| Untracked 
|  80|0x0000000085000000, 0x0000000085100000, 0x0000000085100000|100%| O|  |TAMS 0x0000000085100000, 0x0000000085000000| Untracked 
|  81|0x0000000085100000, 0x0000000085200000, 0x0000000085200000|100%| O|  |TAMS 0x0000000085200000, 0x0000000085100000| Untracked 
|  82|0x0000000085200000, 0x0000000085300000, 0x0000000085300000|100%| O|  |TAMS 0x0000000085300000, 0x0000000085200000| Untracked 
|  83|0x0000000085300000, 0x0000000085400000, 0x0000000085400000|100%| O|  |TAMS 0x0000000085400000, 0x0000000085300000| Untracked 
|  84|0x0000000085400000, 0x0000000085500000, 0x0000000085500000|100%| O|  |TAMS 0x0000000085500000, 0x0000000085400000| Untracked 
|  85|0x0000000085500000, 0x0000000085600000, 0x0000000085600000|100%| O|  |TAMS 0x0000000085600000, 0x0000000085500000| Untracked 
|  86|0x0000000085600000, 0x0000000085700000, 0x0000000085700000|100%| O|  |TAMS 0x0000000085700000, 0x0000000085600000| Untracked 
|  87|0x0000000085700000, 0x0000000085800000, 0x0000000085800000|100%| O|  |TAMS 0x0000000085800000, 0x0000000085700000| Untracked 
|  88|0x0000000085800000, 0x0000000085900000, 0x0000000085900000|100%| O|  |TAMS 0x0000000085900000, 0x0000000085800000| Untracked 
|  89|0x0000000085900000, 0x0000000085a00000, 0x0000000085a00000|100%| O|  |TAMS 0x0000000085a00000, 0x0000000085900000| Untracked 
|  90|0x0000000085a00000, 0x0000000085b00000, 0x0000000085b00000|100%| O|  |TAMS 0x0000000085b00000, 0x0000000085a00000| Untracked 
|  91|0x0000000085b00000, 0x0000000085c00000, 0x0000000085c00000|100%| O|  |TAMS 0x0000000085c00000, 0x0000000085b00000| Untracked 
|  92|0x0000000085c00000, 0x0000000085d00000, 0x0000000085d00000|100%| O|  |TAMS 0x0000000085d00000, 0x0000000085c00000| Untracked 
|  93|0x0000000085d00000, 0x0000000085e00000, 0x0000000085e00000|100%| O|  |TAMS 0x0000000085e00000, 0x0000000085d00000| Untracked 
|  94|0x0000000085e00000, 0x0000000085f00000, 0x0000000085f00000|100%| O|  |TAMS 0x0000000085f00000, 0x0000000085e00000| Untracked 
|  95|0x0000000085f00000, 0x0000000086000000, 0x0000000086000000|100%| O|  |TAMS 0x0000000086000000, 0x0000000085f00000| Untracked 
|  96|0x0000000086000000, 0x0000000086100000, 0x0000000086100000|100%| O|  |TAMS 0x0000000086100000, 0x0000000086000000| Untracked 
|  97|0x0000000086100000, 0x0000000086200000, 0x0000000086200000|100%| O|  |TAMS 0x0000000086200000, 0x0000000086100000| Untracked 
|  98|0x0000000086200000, 0x0000000086300000, 0x0000000086300000|100%| O|  |TAMS 0x0000000086300000, 0x0000000086200000| Untracked 
|  99|0x0000000086300000, 0x0000000086400000, 0x0000000086400000|100%| O|  |TAMS 0x0000000086400000, 0x0000000086300000| Untracked 
| 100|0x0000000086400000, 0x0000000086500000, 0x0000000086500000|100%| O|  |TAMS 0x0000000086500000, 0x0000000086400000| Untracked 
| 101|0x0000000086500000, 0x0000000086600000, 0x0000000086600000|100%| O|  |TAMS 0x0000000086600000, 0x0000000086500000| Untracked 
| 102|0x0000000086600000, 0x0000000086700000, 0x0000000086700000|100%| O|  |TAMS 0x0000000086700000, 0x0000000086600000| Untracked 
| 103|0x0000000086700000, 0x0000000086800000, 0x0000000086800000|100%| O|  |TAMS 0x0000000086800000, 0x0000000086700000| Untracked 
| 104|0x0000000086800000, 0x0000000086900000, 0x0000000086900000|100%| O|  |TAMS 0x0000000086900000, 0x0000000086800000| Untracked 
| 105|0x0000000086900000, 0x0000000086a00000, 0x0000000086a00000|100%| O|  |TAMS 0x0000000086a00000, 0x0000000086900000| Untracked 
| 106|0x0000000086a00000, 0x0000000086b00000, 0x0000000086b00000|100%| O|  |TAMS 0x0000000086b00000, 0x0000000086a00000| Untracked 
| 107|0x0000000086b00000, 0x0000000086c00000, 0x0000000086c00000|100%| O|  |TAMS 0x0000000086c00000, 0x0000000086b00000| Untracked 
| 108|0x0000000086c00000, 0x0000000086c00000, 0x0000000086d00000|  0%| F|  |TAMS 0x0000000086c00000, 0x0000000086c00000| Untracked 
| 109|0x0000000086d00000, 0x0000000086d00000, 0x0000000086e00000|  0%| F|  |TAMS 0x0000000086d00000, 0x0000000086d00000| Untracked 
| 110|0x0000000086e00000, 0x0000000086f00000, 0x0000000086f00000|100%| O|  |TAMS 0x0000000086f00000, 0x0000000086e00000| Untracked 
| 111|0x0000000086f00000, 0x0000000087000000, 0x0000000087000000|100%| O|  |TAMS 0x0000000087000000, 0x0000000086f00000| Untracked 
| 112|0x0000000087000000, 0x0000000087100000, 0x0000000087100000|100%| O|  |TAMS 0x0000000087000000, 0x0000000087000000| Untracked 
| 113|0x0000000087100000, 0x0000000087200000, 0x0000000087200000|100%| O|  |TAMS 0x0000000087200000, 0x0000000087100000| Complete 
| 114|0x0000000087200000, 0x0000000087300000, 0x0000000087300000|100%| O|  |TAMS 0x0000000087300000, 0x0000000087200000| Complete 
| 115|0x0000000087300000, 0x0000000087400000, 0x0000000087400000|100%| O|  |TAMS 0x0000000087400000, 0x0000000087300000| Complete 
| 116|0x0000000087400000, 0x0000000087500000, 0x0000000087500000|100%| O|  |TAMS 0x0000000087400000, 0x0000000087400000| Untracked 
| 117|0x0000000087500000, 0x0000000087600000, 0x0000000087600000|100%| O|  |TAMS 0x0000000087600000, 0x0000000087500000| Untracked 
| 118|0x0000000087600000, 0x0000000087700000, 0x0000000087700000|100%| O|  |TAMS 0x0000000087600000, 0x0000000087600000| Untracked 
| 119|0x0000000087700000, 0x0000000087800000, 0x0000000087800000|100%| O|  |TAMS 0x0000000087800000, 0x0000000087700000| Untracked 
| 120|0x0000000087800000, 0x0000000087900000, 0x0000000087900000|100%| O|  |TAMS 0x0000000087900000, 0x0000000087800000| Untracked 
| 121|0x0000000087900000, 0x0000000087a00000, 0x0000000087a00000|100%| O|  |TAMS 0x0000000087a00000, 0x0000000087900000| Untracked 
| 122|0x0000000087a00000, 0x0000000087b00000, 0x0000000087b00000|100%| O|  |TAMS 0x0000000087b00000, 0x0000000087a00000| Untracked 
| 123|0x0000000087b00000, 0x0000000087c00000, 0x0000000087c00000|100%| O|  |TAMS 0x0000000087c00000, 0x0000000087b00000| Untracked 
| 124|0x0000000087c00000, 0x0000000087d00000, 0x0000000087d00000|100%| O|  |TAMS 0x0000000087d00000, 0x0000000087c00000| Untracked 
| 125|0x0000000087d00000, 0x0000000087e00000, 0x0000000087e00000|100%| O|  |TAMS 0x0000000087e00000, 0x0000000087d00000| Untracked 
| 126|0x0000000087e00000, 0x0000000087f00000, 0x0000000087f00000|100%| O|  |TAMS 0x0000000087f00000, 0x0000000087e00000| Untracked 
| 127|0x0000000087f00000, 0x0000000088000000, 0x0000000088000000|100%| O|  |TAMS 0x0000000088000000, 0x0000000087f00000| Untracked 
| 128|0x0000000088000000, 0x0000000088100000, 0x0000000088100000|100%| O|  |TAMS 0x0000000088100000, 0x0000000088000000| Untracked 
| 129|0x0000000088100000, 0x0000000088200000, 0x0000000088200000|100%| O|  |TAMS 0x00000000881ada00, 0x0000000088100000| Untracked 
| 130|0x0000000088200000, 0x0000000088300000, 0x0000000088300000|100%|HS|  |TAMS 0x0000000088200000, 0x0000000088200000| Complete 
| 131|0x0000000088300000, 0x0000000088400000, 0x0000000088400000|100%|HC|  |TAMS 0x0000000088300000, 0x0000000088300000| Complete 
| 132|0x0000000088400000, 0x0000000088500000, 0x0000000088500000|100%| O|  |TAMS 0x0000000088400000, 0x0000000088400000| Untracked 
| 133|0x0000000088500000, 0x0000000088600000, 0x0000000088600000|100%| O|  |TAMS 0x0000000088500000, 0x0000000088500000| Untracked 
| 134|0x0000000088600000, 0x0000000088700000, 0x0000000088700000|100%| O|  |TAMS 0x0000000088600000, 0x0000000088600000| Untracked 
| 135|0x0000000088700000, 0x0000000088800000, 0x0000000088800000|100%| O|  |TAMS 0x0000000088700000, 0x0000000088700000| Untracked 
| 136|0x0000000088800000, 0x0000000088900000, 0x0000000088900000|100%| O|  |TAMS 0x0000000088800000, 0x0000000088800000| Untracked 
| 137|0x0000000088900000, 0x0000000088a00000, 0x0000000088a00000|100%| O|  |TAMS 0x0000000088900000, 0x0000000088900000| Untracked 
| 138|0x0000000088a00000, 0x0000000088b00000, 0x0000000088b00000|100%| O|  |TAMS 0x0000000088a00000, 0x0000000088a00000| Untracked 
| 139|0x0000000088b00000, 0x0000000088c00000, 0x0000000088c00000|100%| O|  |TAMS 0x0000000088b00000, 0x0000000088b00000| Untracked 
| 140|0x0000000088c00000, 0x0000000088d00000, 0x0000000088d00000|100%| O|  |TAMS 0x0000000088d00000, 0x0000000088c00000| Untracked 
| 141|0x0000000088d00000, 0x0000000088d24000, 0x0000000088e00000| 14%| O|  |TAMS 0x0000000088d00000, 0x0000000088d00000| Untracked 
| 142|0x0000000088e00000, 0x0000000088f00000, 0x0000000088f00000|100%|HS|  |TAMS 0x0000000088e00000, 0x0000000088e00000| Complete 
| 143|0x0000000088f00000, 0x0000000089000000, 0x0000000089000000|100%|HC|  |TAMS 0x0000000088f00000, 0x0000000088f00000| Complete 
| 144|0x0000000089000000, 0x0000000089100000, 0x0000000089100000|100%|HS|  |TAMS 0x0000000089000000, 0x0000000089000000| Complete 
| 145|0x0000000089100000, 0x0000000089200000, 0x0000000089200000|100%|HC|  |TAMS 0x0000000089100000, 0x0000000089100000| Complete 
| 146|0x0000000089200000, 0x0000000089300000, 0x0000000089300000|100%|HS|  |TAMS 0x0000000089200000, 0x0000000089200000| Complete 
| 147|0x0000000089300000, 0x0000000089400000, 0x0000000089400000|100%|HC|  |TAMS 0x0000000089300000, 0x0000000089300000| Complete 
| 148|0x0000000089400000, 0x0000000089500000, 0x0000000089500000|100%|HS|  |TAMS 0x0000000089400000, 0x0000000089400000| Complete 
| 149|0x0000000089500000, 0x0000000089600000, 0x0000000089600000|100%|HC|  |TAMS 0x0000000089500000, 0x0000000089500000| Complete 
| 150|0x0000000089600000, 0x0000000089700000, 0x0000000089700000|100%|HS|  |TAMS 0x0000000089600000, 0x0000000089600000| Complete 
| 151|0x0000000089700000, 0x0000000089800000, 0x0000000089800000|100%|HC|  |TAMS 0x0000000089700000, 0x0000000089700000| Complete 
| 152|0x0000000089800000, 0x0000000089900000, 0x0000000089900000|100%|HS|  |TAMS 0x0000000089800000, 0x0000000089800000| Complete 
| 153|0x0000000089900000, 0x0000000089a00000, 0x0000000089a00000|100%|HC|  |TAMS 0x0000000089900000, 0x0000000089900000| Complete 
| 154|0x0000000089a00000, 0x0000000089b00000, 0x0000000089b00000|100%|HS|  |TAMS 0x0000000089a00000, 0x0000000089a00000| Complete 
| 155|0x0000000089b00000, 0x0000000089c00000, 0x0000000089c00000|100%|HC|  |TAMS 0x0000000089b00000, 0x0000000089b00000| Complete 
| 156|0x0000000089c00000, 0x0000000089d00000, 0x0000000089d00000|100%|HS|  |TAMS 0x0000000089c00000, 0x0000000089c00000| Complete 
| 157|0x0000000089d00000, 0x0000000089e00000, 0x0000000089e00000|100%|HC|  |TAMS 0x0000000089d00000, 0x0000000089d00000| Complete 
| 158|0x0000000089e00000, 0x0000000089f00000, 0x0000000089f00000|100%|HS|  |TAMS 0x0000000089e00000, 0x0000000089e00000| Complete 
| 159|0x0000000089f00000, 0x000000008a000000, 0x000000008a000000|100%|HC|  |TAMS 0x0000000089f00000, 0x0000000089f00000| Complete 
| 160|0x000000008a000000, 0x000000008a100000, 0x000000008a100000|100%|HS|  |TAMS 0x000000008a000000, 0x000000008a000000| Complete 
| 161|0x000000008a100000, 0x000000008a200000, 0x000000008a200000|100%|HC|  |TAMS 0x000000008a100000, 0x000000008a100000| Complete 
| 162|0x000000008a200000, 0x000000008a300000, 0x000000008a300000|100%|HS|  |TAMS 0x000000008a200000, 0x000000008a200000| Complete 
| 163|0x000000008a300000, 0x000000008a400000, 0x000000008a400000|100%|HC|  |TAMS 0x000000008a300000, 0x000000008a300000| Complete 
| 164|0x000000008a400000, 0x000000008a500000, 0x000000008a500000|100%|HS|  |TAMS 0x000000008a400000, 0x000000008a400000| Complete 
| 165|0x000000008a500000, 0x000000008a600000, 0x000000008a600000|100%|HC|  |TAMS 0x000000008a500000, 0x000000008a500000| Complete 
| 166|0x000000008a600000, 0x000000008a700000, 0x000000008a700000|100%|HS|  |TAMS 0x000000008a600000, 0x000000008a600000| Complete 
| 167|0x000000008a700000, 0x000000008a800000, 0x000000008a800000|100%|HC|  |TAMS 0x000000008a700000, 0x000000008a700000| Complete 
| 168|0x000000008a800000, 0x000000008a900000, 0x000000008a900000|100%|HS|  |TAMS 0x000000008a800000, 0x000000008a800000| Complete 
| 169|0x000000008a900000, 0x000000008aa00000, 0x000000008aa00000|100%|HC|  |TAMS 0x000000008a900000, 0x000000008a900000| Complete 
| 170|0x000000008aa00000, 0x000000008ab00000, 0x000000008ab00000|100%|HS|  |TAMS 0x000000008aa00000, 0x000000008aa00000| Complete 
| 171|0x000000008ab00000, 0x000000008ac00000, 0x000000008ac00000|100%|HC|  |TAMS 0x000000008ab00000, 0x000000008ab00000| Complete 
| 172|0x000000008ac00000, 0x000000008ad00000, 0x000000008ad00000|100%|HS|  |TAMS 0x000000008ac00000, 0x000000008ac00000| Complete 
| 173|0x000000008ad00000, 0x000000008ae00000, 0x000000008ae00000|100%|HC|  |TAMS 0x000000008ad00000, 0x000000008ad00000| Complete 
| 174|0x000000008ae00000, 0x000000008ae00000, 0x000000008af00000|  0%| F|  |TAMS 0x000000008ae00000, 0x000000008ae00000| Untracked 
| 175|0x000000008af00000, 0x000000008b000000, 0x000000008b000000|100%| O|  |TAMS 0x000000008b000000, 0x000000008af00000| Untracked 
| 176|0x000000008b000000, 0x000000008b100000, 0x000000008b100000|100%|HS|  |TAMS 0x000000008b000000, 0x000000008b000000| Complete 
| 177|0x000000008b100000, 0x000000008b200000, 0x000000008b200000|100%|HC|  |TAMS 0x000000008b100000, 0x000000008b100000| Complete 
| 178|0x000000008b200000, 0x000000008b300000, 0x000000008b300000|100%|HS|  |TAMS 0x000000008b200000, 0x000000008b200000| Complete 
| 179|0x000000008b300000, 0x000000008b400000, 0x000000008b400000|100%|HC|  |TAMS 0x000000008b300000, 0x000000008b300000| Complete 
| 180|0x000000008b400000, 0x000000008b500000, 0x000000008b500000|100%|HS|  |TAMS 0x000000008b400000, 0x000000008b400000| Complete 
| 181|0x000000008b500000, 0x000000008b600000, 0x000000008b600000|100%|HC|  |TAMS 0x000000008b500000, 0x000000008b500000| Complete 
| 182|0x000000008b600000, 0x000000008b700000, 0x000000008b700000|100%|HS|  |TAMS 0x000000008b600000, 0x000000008b600000| Complete 
| 183|0x000000008b700000, 0x000000008b800000, 0x000000008b800000|100%|HC|  |TAMS 0x000000008b700000, 0x000000008b700000| Complete 
| 184|0x000000008b800000, 0x000000008b800000, 0x000000008b900000|  0%| F|  |TAMS 0x000000008b800000, 0x000000008b800000| Untracked 
| 185|0x000000008b900000, 0x000000008ba00000, 0x000000008ba00000|100%| O|  |TAMS 0x000000008ba00000, 0x000000008b900000| Untracked 
| 186|0x000000008ba00000, 0x000000008bb00000, 0x000000008bb00000|100%|HS|  |TAMS 0x000000008ba00000, 0x000000008ba00000| Complete 
| 187|0x000000008bb00000, 0x000000008bc00000, 0x000000008bc00000|100%|HC|  |TAMS 0x000000008bb00000, 0x000000008bb00000| Complete 
| 188|0x000000008bc00000, 0x000000008bd00000, 0x000000008bd00000|100%|HS|  |TAMS 0x000000008bc00000, 0x000000008bc00000| Complete 
| 189|0x000000008bd00000, 0x000000008be00000, 0x000000008be00000|100%|HC|  |TAMS 0x000000008bd00000, 0x000000008bd00000| Complete 
| 190|0x000000008be00000, 0x000000008bf00000, 0x000000008bf00000|100%|HS|  |TAMS 0x000000008be00000, 0x000000008be00000| Complete 
| 191|0x000000008bf00000, 0x000000008c000000, 0x000000008c000000|100%|HC|  |TAMS 0x000000008bf00000, 0x000000008bf00000| Complete 
| 192|0x000000008c000000, 0x000000008c100000, 0x000000008c100000|100%|HS|  |TAMS 0x000000008c000000, 0x000000008c000000| Complete 
| 193|0x000000008c100000, 0x000000008c200000, 0x000000008c200000|100%|HC|  |TAMS 0x000000008c100000, 0x000000008c100000| Complete 
| 194|0x000000008c200000, 0x000000008c200000, 0x000000008c300000|  0%| F|  |TAMS 0x000000008c200000, 0x000000008c200000| Untracked 
| 195|0x000000008c300000, 0x000000008c300000, 0x000000008c400000|  0%| F|  |TAMS 0x000000008c300000, 0x000000008c300000| Untracked 
| 196|0x000000008c400000, 0x000000008c400000, 0x000000008c500000|  0%| F|  |TAMS 0x000000008c400000, 0x000000008c400000| Untracked 
| 197|0x000000008c500000, 0x000000008c500000, 0x000000008c600000|  0%| F|  |TAMS 0x000000008c500000, 0x000000008c500000| Untracked 
| 198|0x000000008c600000, 0x000000008c600000, 0x000000008c700000|  0%| F|  |TAMS 0x000000008c600000, 0x000000008c600000| Untracked 
| 199|0x000000008c700000, 0x000000008c700000, 0x000000008c800000|  0%| F|  |TAMS 0x000000008c700000, 0x000000008c700000| Untracked 
| 200|0x000000008c800000, 0x000000008c800000, 0x000000008c900000|  0%| F|  |TAMS 0x000000008c800000, 0x000000008c800000| Untracked 
| 201|0x000000008c900000, 0x000000008c900000, 0x000000008ca00000|  0%| F|  |TAMS 0x000000008c900000, 0x000000008c900000| Untracked 
| 202|0x000000008ca00000, 0x000000008ca00000, 0x000000008cb00000|  0%| F|  |TAMS 0x000000008ca00000, 0x000000008ca00000| Untracked 
| 203|0x000000008cb00000, 0x000000008cb00000, 0x000000008cc00000|  0%| F|  |TAMS 0x000000008cb00000, 0x000000008cb00000| Untracked 
| 204|0x000000008cc00000, 0x000000008cc00000, 0x000000008cd00000|  0%| F|  |TAMS 0x000000008cc00000, 0x000000008cc00000| Untracked 
| 205|0x000000008cd00000, 0x000000008cd00000, 0x000000008ce00000|  0%| F|  |TAMS 0x000000008cd00000, 0x000000008cd00000| Untracked 
| 206|0x000000008ce00000, 0x000000008ce00000, 0x000000008cf00000|  0%| F|  |TAMS 0x000000008ce00000, 0x000000008ce00000| Untracked 
| 207|0x000000008cf00000, 0x000000008cf00000, 0x000000008d000000|  0%| F|  |TAMS 0x000000008cf00000, 0x000000008cf00000| Untracked 
| 208|0x000000008d000000, 0x000000008d000000, 0x000000008d100000|  0%| F|  |TAMS 0x000000008d000000, 0x000000008d000000| Untracked 
| 209|0x000000008d100000, 0x000000008d100000, 0x000000008d200000|  0%| F|  |TAMS 0x000000008d100000, 0x000000008d100000| Untracked 
| 210|0x000000008d200000, 0x000000008d200000, 0x000000008d300000|  0%| F|  |TAMS 0x000000008d200000, 0x000000008d200000| Untracked 
| 211|0x000000008d300000, 0x000000008d300000, 0x000000008d400000|  0%| F|  |TAMS 0x000000008d300000, 0x000000008d300000| Untracked 
| 212|0x000000008d400000, 0x000000008d400000, 0x000000008d500000|  0%| F|  |TAMS 0x000000008d400000, 0x000000008d400000| Untracked 
| 213|0x000000008d500000, 0x000000008d500000, 0x000000008d600000|  0%| F|  |TAMS 0x000000008d500000, 0x000000008d500000| Untracked 
| 214|0x000000008d600000, 0x000000008d600000, 0x000000008d700000|  0%| F|  |TAMS 0x000000008d600000, 0x000000008d600000| Untracked 
| 215|0x000000008d700000, 0x000000008d700000, 0x000000008d800000|  0%| F|  |TAMS 0x000000008d700000, 0x000000008d700000| Untracked 
| 216|0x000000008d800000, 0x000000008d800000, 0x000000008d900000|  0%| F|  |TAMS 0x000000008d800000, 0x000000008d800000| Untracked 
| 217|0x000000008d900000, 0x000000008d900000, 0x000000008da00000|  0%| F|  |TAMS 0x000000008d900000, 0x000000008d900000| Untracked 
| 218|0x000000008da00000, 0x000000008da00000, 0x000000008db00000|  0%| F|  |TAMS 0x000000008da00000, 0x000000008da00000| Untracked 
| 219|0x000000008db00000, 0x000000008db00000, 0x000000008dc00000|  0%| F|  |TAMS 0x000000008db00000, 0x000000008db00000| Untracked 
| 220|0x000000008dc00000, 0x000000008dc00000, 0x000000008dd00000|  0%| F|  |TAMS 0x000000008dc00000, 0x000000008dc00000| Untracked 
| 221|0x000000008dd00000, 0x000000008dd00000, 0x000000008de00000|  0%| F|  |TAMS 0x000000008dd00000, 0x000000008dd00000| Untracked 
| 222|0x000000008de00000, 0x000000008de00000, 0x000000008df00000|  0%| F|  |TAMS 0x000000008de00000, 0x000000008de00000| Untracked 
| 223|0x000000008df00000, 0x000000008df00000, 0x000000008e000000|  0%| F|  |TAMS 0x000000008df00000, 0x000000008df00000| Untracked 
| 224|0x000000008e000000, 0x000000008e000000, 0x000000008e100000|  0%| F|  |TAMS 0x000000008e000000, 0x000000008e000000| Untracked 
| 225|0x000000008e100000, 0x000000008e100000, 0x000000008e200000|  0%| F|  |TAMS 0x000000008e100000, 0x000000008e100000| Untracked 
| 226|0x000000008e200000, 0x000000008e200000, 0x000000008e300000|  0%| F|  |TAMS 0x000000008e200000, 0x000000008e200000| Untracked 
| 227|0x000000008e300000, 0x000000008e300000, 0x000000008e400000|  0%| F|  |TAMS 0x000000008e300000, 0x000000008e300000| Untracked 
| 228|0x000000008e400000, 0x000000008e400000, 0x000000008e500000|  0%| F|  |TAMS 0x000000008e400000, 0x000000008e400000| Untracked 
| 229|0x000000008e500000, 0x000000008e500000, 0x000000008e600000|  0%| F|  |TAMS 0x000000008e500000, 0x000000008e500000| Untracked 
| 230|0x000000008e600000, 0x000000008e600000, 0x000000008e700000|  0%| F|  |TAMS 0x000000008e600000, 0x000000008e600000| Untracked 
| 231|0x000000008e700000, 0x000000008e700000, 0x000000008e800000|  0%| F|  |TAMS 0x000000008e700000, 0x000000008e700000| Untracked 
| 232|0x000000008e800000, 0x000000008e800000, 0x000000008e900000|  0%| F|  |TAMS 0x000000008e800000, 0x000000008e800000| Untracked 
| 233|0x000000008e900000, 0x000000008e900000, 0x000000008ea00000|  0%| F|  |TAMS 0x000000008e900000, 0x000000008e900000| Untracked 
| 234|0x000000008ea00000, 0x000000008ea00000, 0x000000008eb00000|  0%| F|  |TAMS 0x000000008ea00000, 0x000000008ea00000| Untracked 
| 235|0x000000008eb00000, 0x000000008eb00000, 0x000000008ec00000|  0%| F|  |TAMS 0x000000008eb00000, 0x000000008eb00000| Untracked 
| 236|0x000000008ec00000, 0x000000008ec00000, 0x000000008ed00000|  0%| F|  |TAMS 0x000000008ec00000, 0x000000008ec00000| Untracked 
| 237|0x000000008ed00000, 0x000000008ed00000, 0x000000008ee00000|  0%| F|  |TAMS 0x000000008ed00000, 0x000000008ed00000| Untracked 
| 238|0x000000008ee00000, 0x000000008ee00000, 0x000000008ef00000|  0%| F|  |TAMS 0x000000008ee00000, 0x000000008ee00000| Untracked 
| 239|0x000000008ef00000, 0x000000008ef00000, 0x000000008f000000|  0%| F|  |TAMS 0x000000008ef00000, 0x000000008ef00000| Untracked 
| 240|0x000000008f000000, 0x000000008f000000, 0x000000008f100000|  0%| F|  |TAMS 0x000000008f000000, 0x000000008f000000| Untracked 
| 241|0x000000008f100000, 0x000000008f100000, 0x000000008f200000|  0%| F|  |TAMS 0x000000008f100000, 0x000000008f100000| Untracked 
| 242|0x000000008f200000, 0x000000008f200000, 0x000000008f300000|  0%| F|  |TAMS 0x000000008f200000, 0x000000008f200000| Untracked 
| 243|0x000000008f300000, 0x000000008f300000, 0x000000008f400000|  0%| F|  |TAMS 0x000000008f300000, 0x000000008f300000| Untracked 
| 244|0x000000008f400000, 0x000000008f400000, 0x000000008f500000|  0%| F|  |TAMS 0x000000008f400000, 0x000000008f400000| Untracked 
| 245|0x000000008f500000, 0x000000008f500000, 0x000000008f600000|  0%| F|  |TAMS 0x000000008f500000, 0x000000008f500000| Untracked 
| 246|0x000000008f600000, 0x000000008f600000, 0x000000008f700000|  0%| F|  |TAMS 0x000000008f600000, 0x000000008f600000| Untracked 
| 247|0x000000008f700000, 0x000000008f77f7f8, 0x000000008f800000| 49%| E|  |TAMS 0x000000008f700000, 0x000000008f700000| Complete 
| 248|0x000000008f800000, 0x000000008f900000, 0x000000008f900000|100%| E|CS|TAMS 0x000000008f800000, 0x000000008f800000| Complete 
| 249|0x000000008f900000, 0x000000008fa00000, 0x000000008fa00000|100%| E|CS|TAMS 0x000000008f900000, 0x000000008f900000| Complete 
| 250|0x000000008fa00000, 0x000000008fb00000, 0x000000008fb00000|100%| E|CS|TAMS 0x000000008fa00000, 0x000000008fa00000| Complete 
| 251|0x000000008fb00000, 0x000000008fc00000, 0x000000008fc00000|100%| E|CS|TAMS 0x000000008fb00000, 0x000000008fb00000| Complete 
| 252|0x000000008fc00000, 0x000000008fd00000, 0x000000008fd00000|100%| E|CS|TAMS 0x000000008fc00000, 0x000000008fc00000| Complete 
| 253|0x000000008fd00000, 0x000000008fe00000, 0x000000008fe00000|100%| E|CS|TAMS 0x000000008fd00000, 0x000000008fd00000| Complete 
| 254|0x000000008fe00000, 0x000000008ff00000, 0x000000008ff00000|100%| E|CS|TAMS 0x000000008fe00000, 0x000000008fe00000| Complete 
| 255|0x000000008ff00000, 0x0000000090000000, 0x0000000090000000|100%| E|CS|TAMS 0x000000008ff00000, 0x000000008ff00000| Complete 
| 256|0x0000000090000000, 0x0000000090100000, 0x0000000090100000|100%| E|CS|TAMS 0x0000000090000000, 0x0000000090000000| Complete 
| 257|0x0000000090100000, 0x0000000090200000, 0x0000000090200000|100%| E|CS|TAMS 0x0000000090100000, 0x0000000090100000| Complete 
| 258|0x0000000090200000, 0x0000000090300000, 0x0000000090300000|100%| E|CS|TAMS 0x0000000090200000, 0x0000000090200000| Complete 
| 259|0x0000000090300000, 0x0000000090400000, 0x0000000090400000|100%| E|CS|TAMS 0x0000000090300000, 0x0000000090300000| Complete 
| 260|0x0000000090400000, 0x0000000090500000, 0x0000000090500000|100%| E|CS|TAMS 0x0000000090400000, 0x0000000090400000| Complete 
| 261|0x0000000090500000, 0x0000000090600000, 0x0000000090600000|100%| E|CS|TAMS 0x0000000090500000, 0x0000000090500000| Complete 
| 262|0x0000000090600000, 0x0000000090700000, 0x0000000090700000|100%| E|CS|TAMS 0x0000000090600000, 0x0000000090600000| Complete 
| 263|0x0000000090700000, 0x0000000090800000, 0x0000000090800000|100%| E|  |TAMS 0x0000000090700000, 0x0000000090700000| Complete 
| 264|0x0000000090800000, 0x0000000090900000, 0x0000000090900000|100%| E|CS|TAMS 0x0000000090800000, 0x0000000090800000| Complete 
| 265|0x0000000090900000, 0x0000000090a00000, 0x0000000090a00000|100%| E|CS|TAMS 0x0000000090900000, 0x0000000090900000| Complete 
| 266|0x0000000090a00000, 0x0000000090b00000, 0x0000000090b00000|100%| E|CS|TAMS 0x0000000090a00000, 0x0000000090a00000| Complete 
| 267|0x0000000090b00000, 0x0000000090c00000, 0x0000000090c00000|100%| E|CS|TAMS 0x0000000090b00000, 0x0000000090b00000| Complete 
| 268|0x0000000090c00000, 0x0000000090d00000, 0x0000000090d00000|100%| E|CS|TAMS 0x0000000090c00000, 0x0000000090c00000| Complete 
| 269|0x0000000090d00000, 0x0000000090e00000, 0x0000000090e00000|100%| E|CS|TAMS 0x0000000090d00000, 0x0000000090d00000| Complete 
| 270|0x0000000090e00000, 0x0000000090f00000, 0x0000000090f00000|100%| E|CS|TAMS 0x0000000090e00000, 0x0000000090e00000| Complete 
| 271|0x0000000090f00000, 0x0000000091000000, 0x0000000091000000|100%| E|CS|TAMS 0x0000000090f00000, 0x0000000090f00000| Complete 
| 272|0x0000000091000000, 0x0000000091100000, 0x0000000091100000|100%| E|CS|TAMS 0x0000000091000000, 0x0000000091000000| Complete 
| 273|0x0000000091100000, 0x0000000091200000, 0x0000000091200000|100%| E|CS|TAMS 0x0000000091100000, 0x0000000091100000| Complete 
| 274|0x0000000091200000, 0x0000000091300000, 0x0000000091300000|100%| E|CS|TAMS 0x0000000091200000, 0x0000000091200000| Complete 
| 275|0x0000000091300000, 0x0000000091400000, 0x0000000091400000|100%| E|CS|TAMS 0x0000000091300000, 0x0000000091300000| Complete 
| 276|0x0000000091400000, 0x0000000091500000, 0x0000000091500000|100%| E|CS|TAMS 0x0000000091400000, 0x0000000091400000| Complete 
| 277|0x0000000091500000, 0x0000000091600000, 0x0000000091600000|100%| E|CS|TAMS 0x0000000091500000, 0x0000000091500000| Complete 
| 278|0x0000000091600000, 0x0000000091700000, 0x0000000091700000|100%| E|CS|TAMS 0x0000000091600000, 0x0000000091600000| Complete 
| 279|0x0000000091700000, 0x0000000091800000, 0x0000000091800000|100%| E|CS|TAMS 0x0000000091700000, 0x0000000091700000| Complete 
| 280|0x0000000091800000, 0x0000000091900000, 0x0000000091900000|100%| E|CS|TAMS 0x0000000091800000, 0x0000000091800000| Complete 
| 281|0x0000000091900000, 0x0000000091a00000, 0x0000000091a00000|100%| E|CS|TAMS 0x0000000091900000, 0x0000000091900000| Complete 
| 282|0x0000000091a00000, 0x0000000091b00000, 0x0000000091b00000|100%| E|CS|TAMS 0x0000000091a00000, 0x0000000091a00000| Complete 
| 283|0x0000000091b00000, 0x0000000091c00000, 0x0000000091c00000|100%| E|CS|TAMS 0x0000000091b00000, 0x0000000091b00000| Complete 
| 284|0x0000000091c00000, 0x0000000091d00000, 0x0000000091d00000|100%| E|CS|TAMS 0x0000000091c00000, 0x0000000091c00000| Complete 
| 285|0x0000000091d00000, 0x0000000091e00000, 0x0000000091e00000|100%| E|CS|TAMS 0x0000000091d00000, 0x0000000091d00000| Complete 
| 286|0x0000000091e00000, 0x0000000091f00000, 0x0000000091f00000|100%| E|CS|TAMS 0x0000000091e00000, 0x0000000091e00000| Complete 
| 287|0x0000000091f00000, 0x0000000092000000, 0x0000000092000000|100%| E|CS|TAMS 0x0000000091f00000, 0x0000000091f00000| Complete 
| 288|0x0000000092000000, 0x0000000092100000, 0x0000000092100000|100%| E|CS|TAMS 0x0000000092000000, 0x0000000092000000| Complete 
| 289|0x0000000092100000, 0x0000000092200000, 0x0000000092200000|100%| E|CS|TAMS 0x0000000092100000, 0x0000000092100000| Complete 
| 290|0x0000000092200000, 0x0000000092300000, 0x0000000092300000|100%| E|CS|TAMS 0x0000000092200000, 0x0000000092200000| Complete 
| 291|0x0000000092300000, 0x0000000092400000, 0x0000000092400000|100%| E|CS|TAMS 0x0000000092300000, 0x0000000092300000| Complete 
| 292|0x0000000092400000, 0x00000000924254e8, 0x0000000092500000| 14%| S|CS|TAMS 0x0000000092400000, 0x0000000092400000| Complete 
| 293|0x0000000092500000, 0x0000000092600000, 0x0000000092600000|100%| S|CS|TAMS 0x0000000092500000, 0x0000000092500000| Complete 
| 294|0x0000000092600000, 0x0000000092700000, 0x0000000092700000|100%| S|CS|TAMS 0x0000000092600000, 0x0000000092600000| Complete 
| 295|0x0000000092700000, 0x0000000092800000, 0x0000000092800000|100%| E|CS|TAMS 0x0000000092700000, 0x0000000092700000| Complete 
| 296|0x0000000092800000, 0x0000000092900000, 0x0000000092900000|100%| E|CS|TAMS 0x0000000092800000, 0x0000000092800000| Complete 
| 297|0x0000000092900000, 0x0000000092a00000, 0x0000000092a00000|100%| E|CS|TAMS 0x0000000092900000, 0x0000000092900000| Complete 
| 298|0x0000000092a00000, 0x0000000092b00000, 0x0000000092b00000|100%| E|CS|TAMS 0x0000000092a00000, 0x0000000092a00000| Complete 
| 299|0x0000000092b00000, 0x0000000092c00000, 0x0000000092c00000|100%| E|CS|TAMS 0x0000000092b00000, 0x0000000092b00000| Complete 
| 300|0x0000000092c00000, 0x0000000092d00000, 0x0000000092d00000|100%| E|CS|TAMS 0x0000000092c00000, 0x0000000092c00000| Complete 
| 301|0x0000000092d00000, 0x0000000092e00000, 0x0000000092e00000|100%| E|CS|TAMS 0x0000000092d00000, 0x0000000092d00000| Complete 
| 302|0x0000000092e00000, 0x0000000092f00000, 0x0000000092f00000|100%| E|CS|TAMS 0x0000000092e00000, 0x0000000092e00000| Complete 
| 303|0x0000000092f00000, 0x0000000093000000, 0x0000000093000000|100%| E|CS|TAMS 0x0000000092f00000, 0x0000000092f00000| Complete 
| 304|0x0000000093000000, 0x0000000093100000, 0x0000000093100000|100%| E|CS|TAMS 0x0000000093000000, 0x0000000093000000| Complete 
| 305|0x0000000093100000, 0x0000000093200000, 0x0000000093200000|100%| E|CS|TAMS 0x0000000093100000, 0x0000000093100000| Complete 
| 306|0x0000000093200000, 0x0000000093300000, 0x0000000093300000|100%| E|CS|TAMS 0x0000000093200000, 0x0000000093200000| Complete 
| 307|0x0000000093300000, 0x0000000093400000, 0x0000000093400000|100%| E|CS|TAMS 0x0000000093300000, 0x0000000093300000| Complete 
| 308|0x0000000093400000, 0x0000000093500000, 0x0000000093500000|100%| E|CS|TAMS 0x0000000093400000, 0x0000000093400000| Complete 
| 309|0x0000000093500000, 0x0000000093600000, 0x0000000093600000|100%| E|CS|TAMS 0x0000000093500000, 0x0000000093500000| Complete 
| 310|0x0000000093600000, 0x0000000093700000, 0x0000000093700000|100%| E|CS|TAMS 0x0000000093600000, 0x0000000093600000| Complete 
| 311|0x0000000093700000, 0x0000000093800000, 0x0000000093800000|100%| E|CS|TAMS 0x0000000093700000, 0x0000000093700000| Complete 
| 312|0x0000000093800000, 0x0000000093900000, 0x0000000093900000|100%| E|CS|TAMS 0x0000000093800000, 0x0000000093800000| Complete 
| 313|0x0000000093900000, 0x0000000093a00000, 0x0000000093a00000|100%| E|CS|TAMS 0x0000000093900000, 0x0000000093900000| Complete 
| 314|0x0000000093a00000, 0x0000000093b00000, 0x0000000093b00000|100%| E|CS|TAMS 0x0000000093a00000, 0x0000000093a00000| Complete 
| 315|0x0000000093b00000, 0x0000000093c00000, 0x0000000093c00000|100%| E|CS|TAMS 0x0000000093b00000, 0x0000000093b00000| Complete 
| 316|0x0000000093c00000, 0x0000000093d00000, 0x0000000093d00000|100%| E|CS|TAMS 0x0000000093c00000, 0x0000000093c00000| Complete 
| 317|0x0000000093d00000, 0x0000000093e00000, 0x0000000093e00000|100%| E|CS|TAMS 0x0000000093d00000, 0x0000000093d00000| Complete 
| 318|0x0000000093e00000, 0x0000000093f00000, 0x0000000093f00000|100%| E|CS|TAMS 0x0000000093e00000, 0x0000000093e00000| Complete 
| 319|0x0000000093f00000, 0x0000000094000000, 0x0000000094000000|100%| E|CS|TAMS 0x0000000093f00000, 0x0000000093f00000| Complete 
| 320|0x0000000094000000, 0x0000000094100000, 0x0000000094100000|100%| E|CS|TAMS 0x0000000094000000, 0x0000000094000000| Complete 
| 321|0x0000000094100000, 0x0000000094200000, 0x0000000094200000|100%| E|CS|TAMS 0x0000000094100000, 0x0000000094100000| Complete 
| 322|0x0000000094200000, 0x0000000094300000, 0x0000000094300000|100%| E|CS|TAMS 0x0000000094200000, 0x0000000094200000| Complete 
| 323|0x0000000094300000, 0x0000000094400000, 0x0000000094400000|100%| E|CS|TAMS 0x0000000094300000, 0x0000000094300000| Complete 
| 324|0x0000000094400000, 0x0000000094500000, 0x0000000094500000|100%| E|CS|TAMS 0x0000000094400000, 0x0000000094400000| Complete 
| 325|0x0000000094500000, 0x0000000094600000, 0x0000000094600000|100%| E|CS|TAMS 0x0000000094500000, 0x0000000094500000| Complete 
| 326|0x0000000094600000, 0x0000000094700000, 0x0000000094700000|100%| E|CS|TAMS 0x0000000094600000, 0x0000000094600000| Complete 
| 327|0x0000000094700000, 0x0000000094800000, 0x0000000094800000|100%| E|CS|TAMS 0x0000000094700000, 0x0000000094700000| Complete 
| 328|0x0000000094800000, 0x0000000094900000, 0x0000000094900000|100%| E|CS|TAMS 0x0000000094800000, 0x0000000094800000| Complete 

Card table byte_map: [0x0000029572330000,0x0000029572730000] _byte_map_base: 0x0000029571f30000

Marking Bits (Prev, Next): (CMBitMap*) 0x000002955f24da00, (CMBitMap*) 0x000002955f24da40
 Prev Bits: [0x0000029572b30000, 0x0000029574b30000)
 Next Bits: [0x0000029574b30000, 0x0000029576b30000)

Polling page: 0x000002955d140000

Metaspace:

Usage:
  Non-class:    114.03 MB used.
      Class:     18.19 MB used.
       Both:    132.22 MB used.

Virtual space:
  Non-class space:      120.00 MB reserved,     114.44 MB ( 95%) committed,  15 nodes.
      Class space:        1.00 GB reserved,      18.69 MB (  2%) committed,  1 nodes.
             Both:        1.12 GB reserved,     133.12 MB ( 12%) committed. 

Chunk freelists:
   Non-Class:  1.50 MB
       Class:  1.37 MB
        Both:  2.88 MB

MaxMetaspaceSize: unlimited
CompressedClassSpaceSize: 1.00 GB
Initial GC threshold: 21.00 MB
Current GC threshold: 221.06 MB
CDS: off
MetaspaceReclaimPolicy: balanced
 - commit_granule_bytes: 65536.
 - commit_granule_words: 8192.
 - virtual_space_node_default_size: 1048576.
 - enlarge_chunks_in_place: 1.
 - new_chunks_are_fully_committed: 0.
 - uncommit_free_chunks: 1.
 - use_allocation_guard: 0.
 - handle_deallocations: 1.


Internal statistics:

num_allocs_failed_limit: 6.
num_arena_births: 1588.
num_arena_deaths: 72.
num_vsnodes_births: 16.
num_vsnodes_deaths: 0.
num_space_committed: 2130.
num_space_uncommitted: 0.
num_chunks_returned_to_freelist: 111.
num_chunks_taken_from_freelist: 6967.
num_chunk_merges: 38.
num_chunk_splits: 4558.
num_chunks_enlarged: 3008.
num_purges: 4.
num_inconsistent_stats: 0.

CodeHeap 'non-profiled nmethods': size=119168Kb used=11979Kb max_used=11979Kb free=107188Kb
 bounds [0x000002956a250000, 0x000002956ae10000, 0x00000295716b0000]
CodeHeap 'profiled nmethods': size=119104Kb used=36700Kb max_used=36700Kb free=82403Kb
 bounds [0x00000295626b0000, 0x0000029564a90000, 0x0000029569b00000]
CodeHeap 'non-nmethods': size=7488Kb used=4156Kb max_used=4287Kb free=3331Kb
 bounds [0x0000029569b00000, 0x0000029569f40000, 0x000002956a250000]
 total_blobs=19003 nmethods=17990 adapters=921
 compilation: enabled
              stopped_count=0, restarted_count=0
 full_count=0

Compilation events (20 events):
Event: 250.053 Thread 0x000002957a47c940 20824       1       org.gradle.api.internal.tasks.execution.TaskExecution::access$200 (5 bytes)
Event: 250.053 Thread 0x0000029501f20c70 20825       1       org.gradle.api.internal.tasks.execution.TaskExecution::access$300 (5 bytes)
Event: 250.053 Thread 0x0000029501f25d70 nmethod 20822 0x000002956adf2490 code [0x000002956adf2620, 0x000002956adf26f8]
Event: 250.053 Thread 0x0000029501f26790 nmethod 20823 0x000002956adf2790 code [0x000002956adf2920, 0x000002956adf2a38]
Event: 250.053 Thread 0x0000029501f25d70 20826       1       org.gradle.internal.execution.steps.CachingResult::getCachingState (5 bytes)
Event: 250.053 Thread 0x000002957a47c940 nmethod 20824 0x000002956adf2a90 code [0x000002956adf2c20, 0x000002956adf2cd8]
Event: 250.053 Thread 0x0000029501f26790 20828       3       org.gradle.api.internal.file.DefaultFilePropertyFactory$DefaultRegularFileVar::fileProvider (9 bytes)
Event: 250.053 Thread 0x000002957a47c940 20827       1       org.gradle.api.internal.tasks.TaskStateInternal::getOutcome (5 bytes)
Event: 250.053 Thread 0x0000029501f20c70 nmethod 20825 0x000002956adf2d90 code [0x000002956adf2f20, 0x000002956adf2fd8]
Event: 250.053 Thread 0x0000029501f20c70 20829       3       com.android.repository.Revision::toString (9 bytes)
Event: 250.054 Thread 0x0000029501f25d70 nmethod 20826 0x000002956adf3090 code [0x000002956adf3220, 0x000002956adf32f8]
Event: 250.054 Thread 0x000002957a47c940 nmethod 20827 0x000002956adf3390 code [0x000002956adf3520, 0x000002956adf35f8]
Event: 250.054 Thread 0x0000029501f26790 nmethod 20828 0x0000029564a78590 code [0x0000029564a78740, 0x0000029564a78988]
Event: 250.054 Thread 0x0000029501f20c70 nmethod 20829 0x0000029564a78a90 code [0x0000029564a78c40, 0x0000029564a78d88]
Event: 250.062 Thread 0x0000029501f25350 nmethod 20713 0x000002956adf3690 code [0x000002956adf3820, 0x000002956adf41d8]
Event: 250.062 Thread 0x0000029501f25350 20805       4       java.io.ObjectInputStream$BlockDataInputStream::peek (55 bytes)
Event: 250.067 Thread 0x0000029501f25350 nmethod 20805 0x000002956adf4390 code [0x000002956adf4540, 0x000002956adf4be8]
Event: 250.067 Thread 0x0000029501f25350 20816       4       java.io.ObjectInputStream$BlockDataInputStream::setBlockDataMode (74 bytes)
Event: 250.068 Thread 0x0000029501f25350 nmethod 20816 0x000002956adf4e90 code [0x000002956adf5000, 0x000002956adf50d8]
Event: 250.068 Thread 0x0000029501f25350 20722       4       org.gradle.api.internal.attributes.DefaultMutableAttributeContainer::attribute (13 bytes)

GC Heap History (20 events):
Event: 16.421 GC heap before
{Heap before GC invocations=64 (full 0):
 garbage-first heap   total 165888K, used 140276K [0x0000000080000000, 0x0000000100000000)
  region size 1024K, 15 young (15360K), 1 survivors (1024K)
 Metaspace       used 111345K, committed 112128K, reserved 1146880K
  class space    used 15213K, committed 15616K, reserved 1048576K
}
Event: 16.423 GC heap after
{Heap after GC invocations=65 (full 0):
 garbage-first heap   total 199680K, used 127739K [0x0000000080000000, 0x0000000100000000)
  region size 1024K, 2 young (2048K), 2 survivors (2048K)
 Metaspace       used 111345K, committed 112128K, reserved 1146880K
  class space    used 15213K, committed 15616K, reserved 1048576K
}
Event: 17.030 GC heap before
{Heap before GC invocations=65 (full 0):
 garbage-first heap   total 199680K, used 162555K [0x0000000080000000, 0x0000000100000000)
  region size 1024K, 37 young (37888K), 2 survivors (2048K)
 Metaspace       used 116155K, committed 116928K, reserved 1155072K
  class space    used 15901K, committed 16256K, reserved 1048576K
}
Event: 17.033 GC heap after
{Heap after GC invocations=66 (full 0):
 garbage-first heap   total 199680K, used 129687K [0x0000000080000000, 0x0000000100000000)
  region size 1024K, 4 young (4096K), 4 survivors (4096K)
 Metaspace       used 116155K, committed 116928K, reserved 1155072K
  class space    used 15901K, committed 16256K, reserved 1048576K
}
Event: 17.550 GC heap before
{Heap before GC invocations=66 (full 0):
 garbage-first heap   total 199680K, used 164503K [0x0000000080000000, 0x0000000100000000)
  region size 1024K, 39 young (39936K), 4 survivors (4096K)
 Metaspace       used 123880K, committed 124672K, reserved 1163264K
  class space    used 17173K, committed 17536K, reserved 1048576K
}
Event: 17.554 GC heap after
{Heap after GC invocations=67 (full 0):
 garbage-first heap   total 199680K, used 132710K [0x0000000080000000, 0x0000000100000000)
  region size 1024K, 5 young (5120K), 5 survivors (5120K)
 Metaspace       used 123880K, committed 124672K, reserved 1163264K
  class space    used 17173K, committed 17536K, reserved 1048576K
}
Event: 18.126 GC heap before
{Heap before GC invocations=67 (full 0):
 garbage-first heap   total 199680K, used 166502K [0x0000000080000000, 0x0000000100000000)
  region size 1024K, 39 young (39936K), 5 survivors (5120K)
 Metaspace       used 128616K, committed 129408K, reserved 1163264K
  class space    used 17947K, committed 18304K, reserved 1048576K
}
Event: 18.131 GC heap after
{Heap after GC invocations=68 (full 0):
 garbage-first heap   total 199680K, used 131869K [0x0000000080000000, 0x0000000100000000)
  region size 1024K, 2 young (2048K), 2 survivors (2048K)
 Metaspace       used 128616K, committed 129408K, reserved 1163264K
  class space    used 17947K, committed 18304K, reserved 1048576K
}
Event: 18.609 GC heap before
{Heap before GC invocations=68 (full 0):
 garbage-first heap   total 199680K, used 166685K [0x0000000080000000, 0x0000000100000000)
  region size 1024K, 37 young (37888K), 2 survivors (2048K)
 Metaspace       used 130973K, committed 131776K, reserved 1163264K
  class space    used 18208K, committed 18560K, reserved 1048576K
}
Event: 18.612 GC heap after
{Heap after GC invocations=69 (full 0):
 garbage-first heap   total 199680K, used 133916K [0x0000000080000000, 0x0000000100000000)
  region size 1024K, 4 young (4096K), 4 survivors (4096K)
 Metaspace       used 130973K, committed 131776K, reserved 1163264K
  class space    used 18208K, committed 18560K, reserved 1048576K
}
Event: 18.933 GC heap before
{Heap before GC invocations=69 (full 0):
 garbage-first heap   total 199680K, used 158492K [0x0000000080000000, 0x0000000100000000)
  region size 1024K, 18 young (18432K), 4 survivors (4096K)
 Metaspace       used 132832K, committed 133696K, reserved 1171456K
  class space    used 18446K, committed 18880K, reserved 1048576K
}
Event: 18.937 GC heap after
{Heap after GC invocations=70 (full 0):
 garbage-first heap   total 199680K, used 147854K [0x0000000080000000, 0x0000000100000000)
  region size 1024K, 5 young (5120K), 5 survivors (5120K)
 Metaspace       used 132832K, committed 133696K, reserved 1171456K
  class space    used 18446K, committed 18880K, reserved 1048576K
}
Event: 64.482 GC heap before
{Heap before GC invocations=71 (full 0):
 garbage-first heap   total 319488K, used 199054K [0x0000000080000000, 0x0000000100000000)
  region size 1024K, 17 young (17408K), 5 survivors (5120K)
 Metaspace       used 133430K, committed 134272K, reserved 1171456K
  class space    used 18550K, committed 18944K, reserved 1048576K
}
Event: 64.485 GC heap after
{Heap after GC invocations=72 (full 0):
 garbage-first heap   total 319488K, used 136029K [0x0000000080000000, 0x0000000100000000)
  region size 1024K, 3 young (3072K), 3 survivors (3072K)
 Metaspace       used 133430K, committed 134272K, reserved 1171456K
  class space    used 18550K, committed 18944K, reserved 1048576K
}
Event: 64.630 GC heap before
{Heap before GC invocations=72 (full 0):
 garbage-first heap   total 319488K, used 147293K [0x0000000080000000, 0x0000000100000000)
  region size 1024K, 15 young (15360K), 3 survivors (3072K)
 Metaspace       used 133503K, committed 134336K, reserved 1171456K
  class space    used 18551K, committed 18944K, reserved 1048576K
}
Event: 64.634 GC heap after
{Heap after GC invocations=73 (full 0):
 garbage-first heap   total 319488K, used 134787K [0x0000000080000000, 0x0000000100000000)
  region size 1024K, 2 young (2048K), 2 survivors (2048K)
 Metaspace       used 133503K, committed 134336K, reserved 1171456K
  class space    used 18551K, committed 18944K, reserved 1048576K
}
Event: 66.248 GC heap before
{Heap before GC invocations=73 (full 0):
 garbage-first heap   total 319488K, used 254595K [0x0000000080000000, 0x0000000100000000)
  region size 1024K, 118 young (120832K), 2 survivors (2048K)
 Metaspace       used 134580K, committed 135552K, reserved 1171456K
  class space    used 18596K, committed 19072K, reserved 1048576K
}
Event: 66.258 GC heap after
{Heap after GC invocations=74 (full 0):
 garbage-first heap   total 319488K, used 147937K [0x0000000080000000, 0x0000000100000000)
  region size 1024K, 13 young (13312K), 13 survivors (13312K)
 Metaspace       used 134580K, committed 135552K, reserved 1171456K
  class space    used 18596K, committed 19072K, reserved 1048576K
}
Event: 66.525 GC heap before
{Heap before GC invocations=74 (full 0):
 garbage-first heap   total 319488K, used 163297K [0x0000000080000000, 0x0000000100000000)
  region size 1024K, 30 young (30720K), 13 survivors (13312K)
 Metaspace       used 134834K, committed 135808K, reserved 1171456K
  class space    used 18602K, committed 19072K, reserved 1048576K
}
Event: 66.530 GC heap after
{Heap after GC invocations=75 (full 0):
 garbage-first heap   total 319488K, used 146674K [0x0000000080000000, 0x0000000100000000)
  region size 1024K, 3 young (3072K), 3 survivors (3072K)
 Metaspace       used 134834K, committed 135808K, reserved 1171456K
  class space    used 18602K, committed 19072K, reserved 1048576K
}

Dll operation events (2 events):
Event: 0.006 Loaded shared library C:\Program Files\Android\Android Studio\jbr\bin\java.dll
Event: 0.432 Loaded shared library C:\Program Files\Android\Android Studio\jbr\bin\verify.dll

Deoptimization events (20 events):
Event: 249.488 Thread 0x00000295004cef30 DEOPT PACKING pc=0x000002956a607e30 sp=0x000000e380ff7600
Event: 249.488 Thread 0x00000295004cef30 DEOPT UNPACKING pc=0x0000029569b569a3 sp=0x000000e380ff75b0 mode 2
Event: 249.787 Thread 0x00000295004cef30 DEOPT PACKING pc=0x00000295636b7876 sp=0x000000e380ff9260
Event: 249.787 Thread 0x00000295004cef30 DEOPT UNPACKING pc=0x0000029569b57143 sp=0x000000e380ff8820 mode 0
Event: 249.794 Thread 0x00000295004cef30 DEOPT PACKING pc=0x00000295636b7876 sp=0x000000e380ff9260
Event: 249.794 Thread 0x00000295004cef30 DEOPT UNPACKING pc=0x0000029569b57143 sp=0x000000e380ff8820 mode 0
Event: 249.799 Thread 0x00000295004cef30 DEOPT PACKING pc=0x00000295636b7876 sp=0x000000e380ff9260
Event: 249.799 Thread 0x00000295004cef30 DEOPT UNPACKING pc=0x0000029569b57143 sp=0x000000e380ff8820 mode 0
Event: 249.804 Thread 0x00000295004cef30 DEOPT PACKING pc=0x00000295636b7876 sp=0x000000e380ff9260
Event: 249.804 Thread 0x00000295004cef30 DEOPT UNPACKING pc=0x0000029569b57143 sp=0x000000e380ff8820 mode 0
Event: 249.821 Thread 0x00000295004cef30 DEOPT PACKING pc=0x00000295636b7876 sp=0x000000e380ff91f0
Event: 249.821 Thread 0x00000295004cef30 DEOPT UNPACKING pc=0x0000029569b57143 sp=0x000000e380ff87b0 mode 0
Event: 249.827 Thread 0x00000295004cef30 DEOPT PACKING pc=0x00000295636b7876 sp=0x000000e380ff9260
Event: 249.827 Thread 0x00000295004cef30 DEOPT UNPACKING pc=0x0000029569b57143 sp=0x000000e380ff8820 mode 0
Event: 249.834 Thread 0x00000295004cef30 DEOPT PACKING pc=0x00000295636b7876 sp=0x000000e380ff9120
Event: 249.834 Thread 0x00000295004cef30 DEOPT UNPACKING pc=0x0000029569b57143 sp=0x000000e380ff86e0 mode 0
Event: 249.835 Thread 0x00000295004cef30 DEOPT PACKING pc=0x00000295636b7876 sp=0x000000e380ff9490
Event: 249.835 Thread 0x00000295004cef30 DEOPT UNPACKING pc=0x0000029569b57143 sp=0x000000e380ff8a50 mode 0
Event: 249.841 Thread 0x00000295004cef30 DEOPT PACKING pc=0x00000295636b7876 sp=0x000000e380ff9490
Event: 249.841 Thread 0x00000295004cef30 DEOPT UNPACKING pc=0x0000029569b57143 sp=0x000000e380ff8a50 mode 0

Classes unloaded (20 events):
Event: 19.025 Thread 0x000002957a45bc20 Unloading class 0x0000000100dcfc00 'java/lang/invoke/LambdaForm$DMH+0x0000000100dcfc00'
Event: 19.025 Thread 0x000002957a45bc20 Unloading class 0x0000000100dcf400 'java/lang/invoke/LambdaForm$DMH+0x0000000100dcf400'
Event: 19.025 Thread 0x000002957a45bc20 Unloading class 0x0000000100dcf800 'java/lang/invoke/LambdaForm$DMH+0x0000000100dcf800'
Event: 19.025 Thread 0x000002957a45bc20 Unloading class 0x0000000100dcf000 'java/lang/invoke/LambdaForm$DMH+0x0000000100dcf000'
Event: 19.025 Thread 0x000002957a45bc20 Unloading class 0x0000000100dcec00 'java/lang/invoke/LambdaForm$DMH+0x0000000100dcec00'
Event: 19.025 Thread 0x000002957a45bc20 Unloading class 0x0000000100dce800 'java/lang/invoke/LambdaForm$DMH+0x0000000100dce800'
Event: 19.025 Thread 0x000002957a45bc20 Unloading class 0x0000000100dce400 'java/lang/invoke/LambdaForm$DMH+0x0000000100dce400'
Event: 19.025 Thread 0x000002957a45bc20 Unloading class 0x0000000100dce000 'java/lang/invoke/LambdaForm$DMH+0x0000000100dce000'
Event: 19.025 Thread 0x000002957a45bc20 Unloading class 0x0000000100dcd800 'java/lang/invoke/LambdaForm$DMH+0x0000000100dcd800'
Event: 19.025 Thread 0x000002957a45bc20 Unloading class 0x0000000100dcd400 'java/lang/invoke/LambdaForm$DMH+0x0000000100dcd400'
Event: 19.025 Thread 0x000002957a45bc20 Unloading class 0x0000000100dcd000 'java/lang/invoke/LambdaForm$DMH+0x0000000100dcd000'
Event: 19.025 Thread 0x000002957a45bc20 Unloading class 0x0000000100dcdc00 'java/lang/invoke/LambdaForm$DMH+0x0000000100dcdc00'
Event: 19.025 Thread 0x000002957a45bc20 Unloading class 0x0000000100dcc400 'java/lang/invoke/LambdaForm$DMH+0x0000000100dcc400'
Event: 19.025 Thread 0x000002957a45bc20 Unloading class 0x0000000100dccc00 'java/lang/invoke/LambdaForm$DMH+0x0000000100dccc00'
Event: 19.025 Thread 0x000002957a45bc20 Unloading class 0x0000000100dcc800 'java/lang/invoke/LambdaForm$DMH+0x0000000100dcc800'
Event: 66.632 Thread 0x000002957a45bc20 Unloading class 0x000000010114a400 'java/lang/invoke/LambdaForm$DMH+0x000000010114a400'
Event: 66.632 Thread 0x000002957a45bc20 Unloading class 0x0000000101149c00 'java/lang/invoke/LambdaForm$DMH+0x0000000101149c00'
Event: 66.632 Thread 0x000002957a45bc20 Unloading class 0x0000000101149400 'java/lang/invoke/LambdaForm$MH+0x0000000101149400'
Event: 66.632 Thread 0x000002957a45bc20 Unloading class 0x0000000101148c00 'java/lang/invoke/LambdaForm$DMH+0x0000000101148c00'
Event: 66.632 Thread 0x000002957a45bc20 Unloading class 0x0000000101148400 'java/lang/invoke/LambdaForm$DMH+0x0000000101148400'

Classes redefined (0 events):
No events

Internal exceptions (20 events):
Event: 66.333 Thread 0x000002950e362bd0 Exception <a 'sun/nio/fs/WindowsException'{0x0000000092fd99d8}> (0x0000000092fd99d8) 
thrown [s\src\hotspot\share\prims\jni.cpp, line 517]
Event: 66.355 Thread 0x0000029503bbc100 Exception <a 'sun/nio/fs/WindowsException'{0x0000000092edba18}> (0x0000000092edba18) 
thrown [s\src\hotspot\share\prims\jni.cpp, line 517]
Event: 66.355 Thread 0x0000029503bbc100 Exception <a 'sun/nio/fs/WindowsException'{0x0000000092d09a50}> (0x0000000092d09a50) 
thrown [s\src\hotspot\share\prims\jni.cpp, line 517]
Event: 66.358 Thread 0x000002950e361d60 Exception <a 'sun/nio/fs/WindowsException'{0x0000000092d2a418}> (0x0000000092d2a418) 
thrown [s\src\hotspot\share\prims\jni.cpp, line 517]
Event: 66.379 Thread 0x000002950e361d60 Exception <a 'sun/nio/fs/WindowsException'{0x0000000092c9e5f0}> (0x0000000092c9e5f0) 
thrown [s\src\hotspot\share\prims\jni.cpp, line 517]
Event: 66.668 Thread 0x000002957ce58730 Exception <a 'sun/nio/fs/WindowsException'{0x00000000934a9b90}> (0x00000000934a9b90) 
thrown [s\src\hotspot\share\prims\jni.cpp, line 517]
Event: 66.668 Thread 0x000002957ce58730 Exception <a 'sun/nio/fs/WindowsException'{0x00000000934a9f80}> (0x00000000934a9f80) 
thrown [s\src\hotspot\share\prims\jni.cpp, line 517]
Event: 66.668 Thread 0x000002957ce58730 Exception <a 'sun/nio/fs/WindowsException'{0x00000000934abe58}> (0x00000000934abe58) 
thrown [s\src\hotspot\share\prims\jni.cpp, line 517]
Event: 249.430 Thread 0x00000295004cef30 Implicit null exception at 0x000002956ab9cff4 to 0x000002956aba3cac
Event: 249.643 Thread 0x00000295004cef30 Exception <a 'sun/nio/fs/WindowsException'{0x0000000091e5c7d8}> (0x0000000091e5c7d8) 
thrown [s\src\hotspot\share\prims\jni.cpp, line 517]
Event: 249.709 Thread 0x00000295004cef30 Exception <a 'java/lang/NoSuchMethodError'{0x00000000919732a8}: 'org.gradle.internal.buildoption.BuildOption$Value org.gradle.api.internal.StartParameterInternal.getIsolatedProjects()'> (0x00000000919732a8) 
thrown [s\src\hotspot\share\interpreter\linkResolver.cpp, line 771]
Event: 249.765 Thread 0x00000295004cef30 Exception <a 'sun/nio/fs/WindowsException'{0x0000000091544ee0}> (0x0000000091544ee0) 
thrown [s\src\hotspot\share\prims\jni.cpp, line 517]
Event: 249.771 Thread 0x00000295004cef30 Exception <a 'sun/nio/fs/WindowsException'{0x0000000091589db0}> (0x0000000091589db0) 
thrown [s\src\hotspot\share\prims\jni.cpp, line 517]
Event: 249.783 Thread 0x00000295004cef30 Exception <a 'sun/nio/fs/WindowsException'{0x000000009140f4b0}> (0x000000009140f4b0) 
thrown [s\src\hotspot\share\prims\jni.cpp, line 517]
Event: 249.816 Thread 0x00000295004cef30 Exception <a 'sun/nio/fs/WindowsException'{0x00000000912fbc88}> (0x00000000912fbc88) 
thrown [s\src\hotspot\share\prims\jni.cpp, line 517]
Event: 249.945 Thread 0x00000295004cef30 Exception <a 'sun/nio/fs/WindowsException'{0x00000000907b5278}> (0x00000000907b5278) 
thrown [s\src\hotspot\share\prims\jni.cpp, line 517]
Event: 249.945 Thread 0x00000295004cef30 Exception <a 'sun/nio/fs/WindowsException'{0x00000000907b6600}> (0x00000000907b6600) 
thrown [s\src\hotspot\share\prims\jni.cpp, line 517]
Event: 249.945 Thread 0x00000295004cef30 Exception <a 'sun/nio/fs/WindowsException'{0x00000000907b7c18}> (0x00000000907b7c18) 
thrown [s\src\hotspot\share\prims\jni.cpp, line 517]
Event: 249.946 Thread 0x00000295004cef30 Exception <a 'sun/nio/fs/WindowsException'{0x00000000907b8ff0}> (0x00000000907b8ff0) 
thrown [s\src\hotspot\share\prims\jni.cpp, line 517]
Event: 250.047 Thread 0x000002950ba6c890 Exception <a 'sun/nio/fs/WindowsException'{0x000000008ffc44a0}> (0x000000008ffc44a0) 
thrown [s\src\hotspot\share\prims\jni.cpp, line 517]

VM Operations (20 events):
Event: 66.524 Executing VM operation: G1TryInitiateConcMark
Event: 66.530 Executing VM operation: G1TryInitiateConcMark done
Event: 66.631 Executing VM operation: G1Concurrent
Event: 66.650 Executing VM operation: G1Concurrent done
Event: 66.692 Executing VM operation: G1Concurrent
Event: 66.692 Executing VM operation: G1Concurrent done
Event: 67.700 Executing VM operation: Cleanup
Event: 67.700 Executing VM operation: Cleanup done
Event: 172.585 Executing VM operation: Cleanup
Event: 172.585 Executing VM operation: Cleanup done
Event: 222.076 Executing VM operation: Cleanup
Event: 222.076 Executing VM operation: Cleanup done
Event: 227.134 Executing VM operation: Cleanup
Event: 227.134 Executing VM operation: Cleanup done
Event: 249.708 Executing VM operation: ICBufferFull
Event: 249.708 Executing VM operation: ICBufferFull done
Event: 249.927 Executing VM operation: ICBufferFull
Event: 249.927 Executing VM operation: ICBufferFull done
Event: 250.058 Executing VM operation: ICBufferFull
Event: 250.058 Executing VM operation: ICBufferFull done

Events (20 events):
Event: 249.613 Thread 0x0000029501f25d70 Thread added: 0x0000029501f25d70
Event: 249.615 Thread 0x0000029501f26790 Thread added: 0x0000029501f26790
Event: 249.627 Thread 0x00000295076b8d40 Thread added: 0x00000295076b8d40
Event: 250.036 Thread 0x00000295015303f0 Thread added: 0x00000295015303f0
Event: 250.037 Thread 0x0000029501dbc870 Thread added: 0x0000029501dbc870
Event: 250.038 Thread 0x0000029501dbb530 Thread added: 0x0000029501dbb530
Event: 250.038 Thread 0x0000029501dba6c0 Thread added: 0x0000029501dba6c0
Event: 250.038 Thread 0x0000029501dba1f0 Thread added: 0x0000029501dba1f0
Event: 250.038 Thread 0x0000029501dbba00 Thread added: 0x0000029501dbba00
Event: 250.039 Thread 0x000002950ba6c890 Thread added: 0x000002950ba6c890
Event: 250.039 Thread 0x000002950ba6bef0 Thread added: 0x000002950ba6bef0
Event: 250.039 Thread 0x000002950ba6c3c0 Thread added: 0x000002950ba6c3c0
Event: 250.039 Thread 0x000002950ba6b080 Thread added: 0x000002950ba6b080
Event: 250.039 Thread 0x000002950ba6b550 Thread added: 0x000002950ba6b550
Event: 250.040 Thread 0x000002950ba6ba20 Thread added: 0x000002950ba6ba20
Event: 250.040 Thread 0x000002957e8529d0 Thread added: 0x000002957e8529d0
Event: 250.040 Thread 0x000002957e8546b0 Thread added: 0x000002957e8546b0
Event: 250.040 Thread 0x000002957e851690 Thread added: 0x000002957e851690
Event: 250.041 Thread 0x000002957e853370 Thread added: 0x000002957e853370
Event: 250.042 Thread 0x00000295035b68a0 Thread added: 0x00000295035b68a0


Dynamic libraries:
0x00007ff737470000 - 0x00007ff73747a000 	C:\Program Files\Android\Android Studio\jbr\bin\java.exe
0x00007ffd41e10000 - 0x00007ffd42027000 	C:\Windows\SYSTEM32\ntdll.dll
0x00007ffd40010000 - 0x00007ffd400d4000 	C:\Windows\System32\KERNEL32.DLL
0x00007ffd3f150000 - 0x00007ffd3f4f6000 	C:\Windows\System32\KERNELBASE.dll
0x00007ffd3fa40000 - 0x00007ffd3fb51000 	C:\Windows\System32\ucrtbase.dll
0x00007ffd39340000 - 0x00007ffd3935b000 	C:\Program Files\Android\Android Studio\jbr\bin\VCRUNTIME140.dll
0x00007ffd3a530000 - 0x00007ffd3a547000 	C:\Program Files\Android\Android Studio\jbr\bin\jli.dll
0x00007ffd3fd60000 - 0x00007ffd3ff0e000 	C:\Windows\System32\USER32.dll
0x00007ffd3f5f0000 - 0x00007ffd3f616000 	C:\Windows\System32\win32u.dll
0x00007ffd29ae0000 - 0x00007ffd29d73000 	C:\Windows\WinSxS\amd64_microsoft.windows.common-controls_6595b64144ccf1df_6.0.22621.2506_none_270c5ae97388e100\COMCTL32.dll
0x00007ffd3fd20000 - 0x00007ffd3fd49000 	C:\Windows\System32\GDI32.dll
0x00007ffd40a40000 - 0x00007ffd40ae7000 	C:\Windows\System32\msvcrt.dll
0x00007ffd3f880000 - 0x00007ffd3f998000 	C:\Windows\System32\gdi32full.dll
0x00007ffd3f9a0000 - 0x00007ffd3fa3a000 	C:\Windows\System32\msvcp_win.dll
0x00007ffd408f0000 - 0x00007ffd40921000 	C:\Windows\System32\IMM32.DLL
0x00007ffd3a6e0000 - 0x00007ffd3a6ec000 	C:\Program Files\Android\Android Studio\jbr\bin\vcruntime140_1.dll
0x00007ffd06040000 - 0x00007ffd060cd000 	C:\Program Files\Android\Android Studio\jbr\bin\msvcp140.dll
0x00007ffce5420000 - 0x00007ffce608d000 	C:\Program Files\Android\Android Studio\jbr\bin\server\jvm.dll
0x00007ffd40290000 - 0x00007ffd40343000 	C:\Windows\System32\ADVAPI32.dll
0x00007ffd40350000 - 0x00007ffd403f8000 	C:\Windows\System32\sechost.dll
0x00007ffd3f6e0000 - 0x00007ffd3f708000 	C:\Windows\System32\bcrypt.dll
0x00007ffd40f10000 - 0x00007ffd41027000 	C:\Windows\System32\RPCRT4.dll
0x00007ffd3a750000 - 0x00007ffd3a759000 	C:\Windows\SYSTEM32\WSOCK32.dll
0x00007ffd37390000 - 0x00007ffd373c4000 	C:\Windows\SYSTEM32\WINMM.dll
0x00007ffd409c0000 - 0x00007ffd40a31000 	C:\Windows\System32\WS2_32.dll
0x00007ffd38360000 - 0x00007ffd3836a000 	C:\Windows\SYSTEM32\VERSION.dll
0x00007ffd3e250000 - 0x00007ffd3e268000 	C:\Windows\SYSTEM32\kernel.appcore.dll
0x00007ffd3a710000 - 0x00007ffd3a71a000 	C:\Program Files\Android\Android Studio\jbr\bin\jimage.dll
0x00007ffd3c970000 - 0x00007ffd3cba3000 	C:\Windows\SYSTEM32\DBGHELP.DLL
0x00007ffd40560000 - 0x00007ffd408e9000 	C:\Windows\System32\combase.dll
0x00007ffd40af0000 - 0x00007ffd40bc7000 	C:\Windows\System32\OLEAUT32.dll
0x00007ffd331e0000 - 0x00007ffd33212000 	C:\Windows\SYSTEM32\dbgcore.DLL
0x00007ffd3f570000 - 0x00007ffd3f5ea000 	C:\Windows\System32\bcryptPrimitives.dll
0x00007ffd33c00000 - 0x00007ffd33c25000 	C:\Program Files\Android\Android Studio\jbr\bin\java.dll
0x00007ffd35580000 - 0x00007ffd35598000 	C:\Program Files\Android\Android Studio\jbr\bin\zip.dll
0x00007ffd41500000 - 0x00007ffd41d5b000 	C:\Windows\System32\SHELL32.dll
0x00007ffd3d070000 - 0x00007ffd3d966000 	C:\Windows\SYSTEM32\windows.storage.dll
0x00007ffd3cf30000 - 0x00007ffd3d06e000 	C:\Windows\SYSTEM32\wintypes.dll
0x00007ffd3ff10000 - 0x00007ffd40003000 	C:\Windows\System32\SHCORE.dll
0x00007ffd3fcc0000 - 0x00007ffd3fd1e000 	C:\Windows\System32\shlwapi.dll
0x00007ffd3f080000 - 0x00007ffd3f0a6000 	C:\Windows\SYSTEM32\profapi.dll
0x00007ffd32bf0000 - 0x00007ffd32c09000 	C:\Program Files\Android\Android Studio\jbr\bin\net.dll
0x00007ffd38e30000 - 0x00007ffd38f67000 	C:\Windows\SYSTEM32\WINHTTP.dll
0x00007ffd3e6e0000 - 0x00007ffd3e749000 	C:\Windows\system32\mswsock.dll
0x00007ffd32bd0000 - 0x00007ffd32be6000 	C:\Program Files\Android\Android Studio\jbr\bin\nio.dll
0x00007ffd33d10000 - 0x00007ffd33d20000 	C:\Program Files\Android\Android Studio\jbr\bin\verify.dll
0x00007ffd2de20000 - 0x00007ffd2de47000 	C:\Users\Archit\.gradle\native\68d5fa5c4cc2d200863cafc0d521ce42e7d3e7ee720ec0a83991735586a16f82\windows-amd64\native-platform.dll
0x00007ffd05ef0000 - 0x00007ffd06034000 	C:\Users\Archit\.gradle\native\e376f236ea51e6404a007f0833ffe2c6e607c4080706a723a18a27aeea778392\windows-amd64\native-platform-file-events.dll
0x00007ffd376f0000 - 0x00007ffd376f9000 	C:\Program Files\Android\Android Studio\jbr\bin\management.dll
0x00007ffd355e0000 - 0x00007ffd355eb000 	C:\Program Files\Android\Android Studio\jbr\bin\management_ext.dll
0x00007ffd3fd50000 - 0x00007ffd3fd58000 	C:\Windows\System32\PSAPI.DLL
0x00007ffd3e950000 - 0x00007ffd3e96b000 	C:\Windows\SYSTEM32\CRYPTSP.dll
0x00007ffd3e1b0000 - 0x00007ffd3e1e5000 	C:\Windows\system32\rsaenh.dll
0x00007ffd3e7f0000 - 0x00007ffd3e81c000 	C:\Windows\SYSTEM32\USERENV.dll
0x00007ffd3e970000 - 0x00007ffd3e97c000 	C:\Windows\SYSTEM32\CRYPTBASE.dll
0x00007ffd3dc40000 - 0x00007ffd3dc6d000 	C:\Windows\SYSTEM32\IPHLPAPI.DLL
0x00007ffd40d90000 - 0x00007ffd40d99000 	C:\Windows\System32\NSI.dll
0x00007ffd38b80000 - 0x00007ffd38b99000 	C:\Windows\SYSTEM32\dhcpcsvc6.DLL
0x00007ffd38af0000 - 0x00007ffd38b0f000 	C:\Windows\SYSTEM32\dhcpcsvc.DLL
0x00007ffd3dc70000 - 0x00007ffd3dd69000 	C:\Windows\SYSTEM32\DNSAPI.dll
0x00007ffce1380000 - 0x00007ffce1388000 	C:\Windows\system32\wshunix.dll
0x00007ffd1b7e0000 - 0x00007ffd1b7f7000 	C:\Windows\system32\napinsp.dll
0x00007ffd1b670000 - 0x00007ffd1b68b000 	C:\Windows\system32\pnrpnsp.dll
0x00007ffd1b490000 - 0x00007ffd1b4a1000 	C:\Windows\System32\winrnr.dll
0x00007ffd37830000 - 0x00007ffd37845000 	C:\Windows\system32\wshbth.dll
0x00007ffd1b150000 - 0x00007ffd1b171000 	C:\Windows\system32\nlansp_c.dll
0x00007ffd38350000 - 0x00007ffd3835a000 	C:\Windows\System32\rasadhlp.dll
0x00007ffd378e0000 - 0x00007ffd37963000 	C:\Windows\System32\fwpuclnt.dll

dbghelp: loaded successfully - version: 4.0.5 - missing functions: none
symbol engine: initialized successfully - sym options: 0x614 - pdb path: .;C:\Program Files\Android\Android Studio\jbr\bin;C:\Windows\SYSTEM32;C:\Windows\WinSxS\amd64_microsoft.windows.common-controls_6595b64144ccf1df_6.0.22621.2506_none_270c5ae97388e100;C:\Program Files\Android\Android Studio\jbr\bin\server;C:\Users\Archit\.gradle\native\68d5fa5c4cc2d200863cafc0d521ce42e7d3e7ee720ec0a83991735586a16f82\windows-amd64;C:\Users\Archit\.gradle\native\e376f236ea51e6404a007f0833ffe2c6e607c4080706a723a18a27aeea778392\windows-amd64

VM Arguments:
jvm_args: --add-opens=java.base/java.util=ALL-UNNAMED --add-opens=java.base/java.lang=ALL-UNNAMED --add-opens=java.base/java.lang.invoke=ALL-UNNAMED --add-opens=java.prefs/java.util.prefs=ALL-UNNAMED --add-opens=java.base/java.nio.charset=ALL-UNNAMED --add-opens=java.base/java.net=ALL-UNNAMED --add-opens=java.base/java.util.concurrent.atomic=ALL-UNNAMED -Xmx2048m -Dfile.encoding=UTF-8 -Duser.country=IN -Duser.language=en -Duser.variant 
java_command: org.gradle.launcher.daemon.bootstrap.GradleDaemon 8.0
java_class_path (initial): C:\Users\Archit\.gradle\wrapper\dists\gradle-8.0-bin\ca5e32bp14vu59qr306oxotwh\gradle-8.0\lib\gradle-launcher-8.0.jar
Launcher Type: SUN_STANDARD

[Global flags]
     intx CICompilerCount                          = 12                                        {product} {ergonomic}
     uint ConcGCThreads                            = 3                                         {product} {ergonomic}
     uint G1ConcRefinementThreads                  = 13                                        {product} {ergonomic}
   size_t G1HeapRegionSize                         = 1048576                                   {product} {ergonomic}
    uintx GCDrainStackTargetSize                   = 64                                        {product} {ergonomic}
   size_t InitialHeapSize                          = 255852544                                 {product} {ergonomic}
   size_t MarkStackSize                            = 4194304                                   {product} {ergonomic}
   size_t MaxHeapSize                              = 2147483648                                {product} {command line}
   size_t MaxNewSize                               = 1287651328                                {product} {ergonomic}
   size_t MinHeapDeltaBytes                        = 1048576                                   {product} {ergonomic}
   size_t MinHeapSize                              = 8388608                                   {product} {ergonomic}
    uintx NonNMethodCodeHeapSize                   = 7602480                                {pd product} {ergonomic}
    uintx NonProfiledCodeHeapSize                  = 122027880                              {pd product} {ergonomic}
    uintx ProfiledCodeHeapSize                     = 122027880                              {pd product} {ergonomic}
    uintx ReservedCodeCacheSize                    = 251658240                              {pd product} {ergonomic}
     bool SegmentedCodeCache                       = true                                      {product} {ergonomic}
   size_t SoftMaxHeapSize                          = 2147483648                             {manageable} {ergonomic}
     bool UseCompressedClassPointers               = true                           {product lp64_product} {ergonomic}
     bool UseCompressedOops                        = true                           {product lp64_product} {ergonomic}
     bool UseG1GC                                  = true                                      {product} {ergonomic}
     bool UseLargePagesIndividualAllocation        = false                                  {pd product} {ergonomic}

Logging:
Log output configuration:
 #0: stdout all=warning uptime,level,tags
 #1: stderr all=off uptime,level,tags

Environment Variables:
JAVA_HOME=C:\Users\Archit\AppData\Local\Programs\Eclipse Adoptium\jdk-17.0.8.7-hotspot\
PATH=C:\Program Files\Microsoft\jdk-11.0.16.101-hotspot\bin;C:\Program Files\Common Files\Oracle\Java\javapath;C:\Program Files (x86)\Common Files\Oracle\Java\javapath;C:\Program Files (x86)\VMware\VMware Workstation\bin\;C:\Windows\system32;C:\Windows;C:\Windows\System32\Wbem;C:\Windows\System32\WindowsPowerShell\v1.0\;C:\Windows\System32\OpenSSH\;C:\Program Files (x86)\NVIDIA Corporation\PhysX\Common;C:\Program Files\NVIDIA Corporation\NVIDIA NvDLISR;C:\Program Files\nodejs\;C:\Program Files\dotnet\;C:\mingw64\bin;C:\Program Files\MySQL\MySQL Server 8.0\bin;C:\Program Files\Git\cmd;C:\Users\Archit\AppData\Local\Android\Sdk\platform-tools;C:\Program Files\Microsoft SQL Server\150\Tools\Binn\;C:\Program Files\ngrok;C:\Program Files (x86)\Windows Kits\10\Windows Performance Toolkit\;C:\Program Files\MongoDB\Server\7.0\bin;C:\Program Files\mongosh-2.0.2\bin;C:\Program Files\MySQL\MySQL Shell 8.0\bin\;C:\Users\Archit\AppData\Local\Programs\Eclipse Adoptium\jdk-17.0.8.7-hotspot\bin;C:\Users\Archit\AppData\Local\Programs\Python\Python311\Scripts\;C:\Users\Archit\AppData\Local\Programs\Python\Python311\;C:\Users\Archit\AppData\Local\Microsoft\WindowsApps;C:\Users\Archit\AppData\Local\Programs\Microsoft VS Code\bin;C:\kotlinc\bin;C:\Users\Archit\AppData\Roaming\npm;C:\Program Files\nodejs;C:\Program Files\ngrok;C:\flutter\bin;C:\msys64\ucrt64\bin;
USERNAME=Archit
OS=Windows_NT
PROCESSOR_IDENTIFIER=AMD64 Family 25 Model 68 Stepping 1, AuthenticAMD
TMP=C:\Users\Archit\AppData\Local\Temp
TEMP=C:\Users\Archit\AppData\Local\Temp



---------------  S Y S T E M  ---------------

OS:
 Windows 11 , 64 bit Build 22621 (10.0.22621.3085)
OS uptime: 9 days 18:10 hours
Hyper-V role detected

CPU: total 16 (initial active 16) (16 cores per cpu, 2 threads per core) family 25 model 68 stepping 1 microcode 0x0, cx8, cmov, fxsr, ht, mmx, 3dnowpref, sse, sse2, sse3, ssse3, sse4a, sse4.1, sse4.2, popcnt, lzcnt, tsc, tscinvbit, avx, avx2, aes, erms, clmul, bmi1, bmi2, adx, sha, fma, vzeroupper, clflush, clflushopt, hv

Memory: 4k page, system-wide physical 15610M (1364M free)
TotalPageFile size 62714M (AvailPageFile size 11M)
current process WorkingSet (physical memory assigned to process): 733M, peak: 754M
current process commit charge ("private bytes"): 785M, peak: 823M

vm_info: OpenJDK 64-Bit Server VM (17.0.6+0-b2043.56-9586694) for windows-amd64 JRE (17.0.6+0-b2043.56-9586694), built on Feb  9 2023 20:06:20 by "androidbuild" with MS VC++ 16.10 / 16.11 (VS2019)

END.
